[0.187s] DEBUG:colcon:Command line arguments: ['/usr/bin/colcon', 'list', '-p', '--base-paths', '/home/danielwp22/ROS2-navigation-course/Section9_Build_the_Robot/bumperbot_ws']
[0.188s] DEBUG:colcon:Parsed command line arguments: Namespace(log_base=None, log_level=None, verb_name='list', build_base='build', ignore_user_meta=False, metas=['./colcon.meta'], base_paths=['/home/danielwp22/ROS2-navigation-course/Section9_Build_the_Robot/bumperbot_ws'], packages_ignore=None, packages_ignore_regex=None, paths=None, packages_up_to=None, packages_up_to_regex=None, packages_above=None, packages_above_and_dependencies=None, packages_above_depth=None, packages_select_by_dep=None, packages_skip_by_dep=None, packages_skip_up_to=None, packages_select_build_failed=False, packages_skip_build_finished=False, packages_select_test_failures=False, packages_skip_test_passed=False, packages_select=None, packages_skip=None, packages_select_regex=None, packages_skip_regex=None, packages_start=None, packages_end=None, allow_overriding=[], topological_order=False, names_only=False, paths_only=True, topological_graph=False, topological_graph_dot=False, topological_graph_density=False, topological_graph_legend=False, topological_graph_dot_cluster=False, topological_graph_dot_include_skipped=False, mixin_files=None, mixin=None, verb_parser=<colcon_mixin.mixin.mixin_argument.MixinArgumentDecorator object at 0x7382552d19d0>, verb_extension=<colcon_package_information.verb.list.ListVerb object at 0x73825529f860>, main=<bound method ListVerb.main of <colcon_package_information.verb.list.ListVerb object at 0x73825529f860>>, mixin_verb=('list',))
[0.263s] Level 1:colcon.colcon_core.package_discovery:discover_packages(colcon_meta) check parameters
[0.264s] Level 1:colcon.colcon_core.package_discovery:discover_packages(recursive) check parameters
[0.264s] Level 1:colcon.colcon_core.package_discovery:discover_packages(ignore) check parameters
[0.264s] Level 1:colcon.colcon_core.package_discovery:discover_packages(path) check parameters
[0.264s] Level 1:colcon.colcon_core.package_discovery:discover_packages(recursive) discover
[0.264s] INFO:colcon.colcon_core.package_discovery:Crawling recursively for packages in '/home/danielwp22/ROS2-navigation-course/Section9_Build_the_Robot/bumperbot_ws'
[0.264s] Level 1:colcon.colcon_core.package_identification:_identify(/home/danielwp22/ROS2-navigation-course/Section9_Build_the_Robot/bumperbot_ws) by extensions ['ignore', 'ignore_ament_install']
[0.264s] Level 1:colcon.colcon_core.package_identification:_identify(/home/danielwp22/ROS2-navigation-course/Section9_Build_the_Robot/bumperbot_ws) by extension 'ignore'
[0.265s] Level 1:colcon.colcon_core.package_identification:_identify(/home/danielwp22/ROS2-navigation-course/Section9_Build_the_Robot/bumperbot_ws) by extension 'ignore_ament_install'
[0.265s] Level 1:colcon.colcon_core.package_identification:_identify(/home/danielwp22/ROS2-navigation-course/Section9_Build_the_Robot/bumperbot_ws) by extensions ['colcon_pkg']
[0.265s] Level 1:colcon.colcon_core.package_identification:_identify(/home/danielwp22/ROS2-navigation-course/Section9_Build_the_Robot/bumperbot_ws) by extension 'colcon_pkg'
[0.265s] Level 1:colcon.colcon_core.package_identification:_identify(/home/danielwp22/ROS2-navigation-course/Section9_Build_the_Robot/bumperbot_ws) by extensions ['colcon_meta']
[0.265s] Level 1:colcon.colcon_core.package_identification:_identify(/home/danielwp22/ROS2-navigation-course/Section9_Build_the_Robot/bumperbot_ws) by extension 'colcon_meta'
[0.265s] Level 1:colcon.colcon_core.package_identification:_identify(/home/danielwp22/ROS2-navigation-course/Section9_Build_the_Robot/bumperbot_ws) by extensions ['ros']
[0.265s] Level 1:colcon.colcon_core.package_identification:_identify(/home/danielwp22/ROS2-navigation-course/Section9_Build_the_Robot/bumperbot_ws) by extension 'ros'
[0.338s] Level 1:colcon.colcon_core.package_identification:_identify(/home/danielwp22/ROS2-navigation-course/Section9_Build_the_Robot/bumperbot_ws) by extensions ['cmake', 'python']
[0.338s] Level 1:colcon.colcon_core.package_identification:_identify(/home/danielwp22/ROS2-navigation-course/Section9_Build_the_Robot/bumperbot_ws) by extension 'cmake'
[0.338s] Level 1:colcon.colcon_core.package_identification:_identify(/home/danielwp22/ROS2-navigation-course/Section9_Build_the_Robot/bumperbot_ws) by extension 'python'
[0.338s] Level 1:colcon.colcon_core.package_identification:_identify(/home/danielwp22/ROS2-navigation-course/Section9_Build_the_Robot/bumperbot_ws) by extensions ['python_setup_py']
[0.338s] Level 1:colcon.colcon_core.package_identification:_identify(/home/danielwp22/ROS2-navigation-course/Section9_Build_the_Robot/bumperbot_ws) by extension 'python_setup_py'
[0.339s] Level 1:colcon.colcon_core.package_identification:_identify(/home/danielwp22/ROS2-navigation-course/Section9_Build_the_Robot/bumperbot_ws/log) by extensions ['ignore', 'ignore_ament_install']
[0.339s] Level 1:colcon.colcon_core.package_identification:_identify(/home/danielwp22/ROS2-navigation-course/Section9_Build_the_Robot/bumperbot_ws/log) by extension 'ignore'
[0.339s] Level 1:colcon.colcon_core.package_identification:_identify(/home/danielwp22/ROS2-navigation-course/Section9_Build_the_Robot/bumperbot_ws/log) ignored
[0.339s] Level 1:colcon.colcon_core.package_identification:_identify(/home/danielwp22/ROS2-navigation-course/Section9_Build_the_Robot/bumperbot_ws/src) by extensions ['ignore', 'ignore_ament_install']
[0.340s] Level 1:colcon.colcon_core.package_identification:_identify(/home/danielwp22/ROS2-navigation-course/Section9_Build_the_Robot/bumperbot_ws/src) by extension 'ignore'
[0.340s] Level 1:colcon.colcon_core.package_identification:_identify(/home/danielwp22/ROS2-navigation-course/Section9_Build_the_Robot/bumperbot_ws/src) by extension 'ignore_ament_install'
[0.340s] Level 1:colcon.colcon_core.package_identification:_identify(/home/danielwp22/ROS2-navigation-course/Section9_Build_the_Robot/bumperbot_ws/src) by extensions ['colcon_pkg']
[0.340s] Level 1:colcon.colcon_core.package_identification:_identify(/home/danielwp22/ROS2-navigation-course/Section9_Build_the_Robot/bumperbot_ws/src) by extension 'colcon_pkg'
[0.340s] Level 1:colcon.colcon_core.package_identification:_identify(/home/danielwp22/ROS2-navigation-course/Section9_Build_the_Robot/bumperbot_ws/src) by extensions ['colcon_meta']
[0.340s] Level 1:colcon.colcon_core.package_identification:_identify(/home/danielwp22/ROS2-navigation-course/Section9_Build_the_Robot/bumperbot_ws/src) by extension 'colcon_meta'
[0.340s] Level 1:colcon.colcon_core.package_identification:_identify(/home/danielwp22/ROS2-navigation-course/Section9_Build_the_Robot/bumperbot_ws/src) by extensions ['ros']
[0.340s] Level 1:colcon.colcon_core.package_identification:_identify(/home/danielwp22/ROS2-navigation-course/Section9_Build_the_Robot/bumperbot_ws/src) by extension 'ros'
[0.341s] Level 1:colcon.colcon_core.package_identification:_identify(/home/danielwp22/ROS2-navigation-course/Section9_Build_the_Robot/bumperbot_ws/src) by extensions ['cmake', 'python']
[0.341s] Level 1:colcon.colcon_core.package_identification:_identify(/home/danielwp22/ROS2-navigation-course/Section9_Build_the_Robot/bumperbot_ws/src) by extension 'cmake'
[0.341s] Level 1:colcon.colcon_core.package_identification:_identify(/home/danielwp22/ROS2-navigation-course/Section9_Build_the_Robot/bumperbot_ws/src) by extension 'python'
[0.341s] Level 1:colcon.colcon_core.package_identification:_identify(/home/danielwp22/ROS2-navigation-course/Section9_Build_the_Robot/bumperbot_ws/src) by extensions ['python_setup_py']
[0.341s] Level 1:colcon.colcon_core.package_identification:_identify(/home/danielwp22/ROS2-navigation-course/Section9_Build_the_Robot/bumperbot_ws/src) by extension 'python_setup_py'
[0.341s] Level 1:colcon.colcon_core.package_identification:_identify(/home/danielwp22/ROS2-navigation-course/Section9_Build_the_Robot/bumperbot_ws/src/bumperbot_bringup) by extensions ['ignore', 'ignore_ament_install']
[0.341s] Level 1:colcon.colcon_core.package_identification:_identify(/home/danielwp22/ROS2-navigation-course/Section9_Build_the_Robot/bumperbot_ws/src/bumperbot_bringup) by extension 'ignore'
[0.341s] Level 1:colcon.colcon_core.package_identification:_identify(/home/danielwp22/ROS2-navigation-course/Section9_Build_the_Robot/bumperbot_ws/src/bumperbot_bringup) by extension 'ignore_ament_install'
[0.342s] Level 1:colcon.colcon_core.package_identification:_identify(/home/danielwp22/ROS2-navigation-course/Section9_Build_the_Robot/bumperbot_ws/src/bumperbot_bringup) by extensions ['colcon_pkg']
[0.342s] Level 1:colcon.colcon_core.package_identification:_identify(/home/danielwp22/ROS2-navigation-course/Section9_Build_the_Robot/bumperbot_ws/src/bumperbot_bringup) by extension 'colcon_pkg'
[0.342s] Level 1:colcon.colcon_core.package_identification:_identify(/home/danielwp22/ROS2-navigation-course/Section9_Build_the_Robot/bumperbot_ws/src/bumperbot_bringup) by extensions ['colcon_meta']
[0.342s] Level 1:colcon.colcon_core.package_identification:_identify(/home/danielwp22/ROS2-navigation-course/Section9_Build_the_Robot/bumperbot_ws/src/bumperbot_bringup) by extension 'colcon_meta'
[0.342s] Level 1:colcon.colcon_core.package_identification:_identify(/home/danielwp22/ROS2-navigation-course/Section9_Build_the_Robot/bumperbot_ws/src/bumperbot_bringup) by extensions ['ros']
[0.342s] Level 1:colcon.colcon_core.package_identification:_identify(/home/danielwp22/ROS2-navigation-course/Section9_Build_the_Robot/bumperbot_ws/src/bumperbot_bringup) by extension 'ros'
[0.347s] DEBUG:colcon.colcon_core.package_identification:Package '/home/danielwp22/ROS2-navigation-course/Section9_Build_the_Robot/bumperbot_ws/src/bumperbot_bringup' with type 'ros.ament_cmake' and name 'bumperbot_bringup'
[0.347s] Level 1:colcon.colcon_core.package_identification:_identify(/home/danielwp22/ROS2-navigation-course/Section9_Build_the_Robot/bumperbot_ws/src/bumperbot_controller) by extensions ['ignore', 'ignore_ament_install']
[0.347s] Level 1:colcon.colcon_core.package_identification:_identify(/home/danielwp22/ROS2-navigation-course/Section9_Build_the_Robot/bumperbot_ws/src/bumperbot_controller) by extension 'ignore'
[0.347s] Level 1:colcon.colcon_core.package_identification:_identify(/home/danielwp22/ROS2-navigation-course/Section9_Build_the_Robot/bumperbot_ws/src/bumperbot_controller) by extension 'ignore_ament_install'
[0.347s] Level 1:colcon.colcon_core.package_identification:_identify(/home/danielwp22/ROS2-navigation-course/Section9_Build_the_Robot/bumperbot_ws/src/bumperbot_controller) by extensions ['colcon_pkg']
[0.347s] Level 1:colcon.colcon_core.package_identification:_identify(/home/danielwp22/ROS2-navigation-course/Section9_Build_the_Robot/bumperbot_ws/src/bumperbot_controller) by extension 'colcon_pkg'
[0.347s] Level 1:colcon.colcon_core.package_identification:_identify(/home/danielwp22/ROS2-navigation-course/Section9_Build_the_Robot/bumperbot_ws/src/bumperbot_controller) by extensions ['colcon_meta']
[0.348s] Level 1:colcon.colcon_core.package_identification:_identify(/home/danielwp22/ROS2-navigation-course/Section9_Build_the_Robot/bumperbot_ws/src/bumperbot_controller) by extension 'colcon_meta'
[0.348s] Level 1:colcon.colcon_core.package_identification:_identify(/home/danielwp22/ROS2-navigation-course/Section9_Build_the_Robot/bumperbot_ws/src/bumperbot_controller) by extensions ['ros']
[0.348s] Level 1:colcon.colcon_core.package_identification:_identify(/home/danielwp22/ROS2-navigation-course/Section9_Build_the_Robot/bumperbot_ws/src/bumperbot_controller) by extension 'ros'
[0.350s] DEBUG:colcon.colcon_core.package_identification:Package '/home/danielwp22/ROS2-navigation-course/Section9_Build_the_Robot/bumperbot_ws/src/bumperbot_controller' with type 'ros.ament_cmake' and name 'bumperbot_controller'
[0.350s] Level 1:colcon.colcon_core.package_identification:_identify(/home/danielwp22/ROS2-navigation-course/Section9_Build_the_Robot/bumperbot_ws/src/bumperbot_cpp_examples) by extensions ['ignore', 'ignore_ament_install']
[0.350s] Level 1:colcon.colcon_core.package_identification:_identify(/home/danielwp22/ROS2-navigation-course/Section9_Build_the_Robot/bumperbot_ws/src/bumperbot_cpp_examples) by extension 'ignore'
[0.350s] Level 1:colcon.colcon_core.package_identification:_identify(/home/danielwp22/ROS2-navigation-course/Section9_Build_the_Robot/bumperbot_ws/src/bumperbot_cpp_examples) by extension 'ignore_ament_install'
[0.350s] Level 1:colcon.colcon_core.package_identification:_identify(/home/danielwp22/ROS2-navigation-course/Section9_Build_the_Robot/bumperbot_ws/src/bumperbot_cpp_examples) by extensions ['colcon_pkg']
[0.350s] Level 1:colcon.colcon_core.package_identification:_identify(/home/danielwp22/ROS2-navigation-course/Section9_Build_the_Robot/bumperbot_ws/src/bumperbot_cpp_examples) by extension 'colcon_pkg'
[0.351s] Level 1:colcon.colcon_core.package_identification:_identify(/home/danielwp22/ROS2-navigation-course/Section9_Build_the_Robot/bumperbot_ws/src/bumperbot_cpp_examples) by extensions ['colcon_meta']
[0.351s] Level 1:colcon.colcon_core.package_identification:_identify(/home/danielwp22/ROS2-navigation-course/Section9_Build_the_Robot/bumperbot_ws/src/bumperbot_cpp_examples) by extension 'colcon_meta'
[0.351s] Level 1:colcon.colcon_core.package_identification:_identify(/home/danielwp22/ROS2-navigation-course/Section9_Build_the_Robot/bumperbot_ws/src/bumperbot_cpp_examples) by extensions ['ros']
[0.351s] Level 1:colcon.colcon_core.package_identification:_identify(/home/danielwp22/ROS2-navigation-course/Section9_Build_the_Robot/bumperbot_ws/src/bumperbot_cpp_examples) by extension 'ros'
[0.353s] DEBUG:colcon.colcon_core.package_identification:Package '/home/danielwp22/ROS2-navigation-course/Section9_Build_the_Robot/bumperbot_ws/src/bumperbot_cpp_examples' with type 'ros.ament_cmake' and name 'bumperbot_cpp_examples'
[0.353s] Level 1:colcon.colcon_core.package_identification:_identify(/home/danielwp22/ROS2-navigation-course/Section9_Build_the_Robot/bumperbot_ws/src/bumperbot_description) by extensions ['ignore', 'ignore_ament_install']
[0.353s] Level 1:colcon.colcon_core.package_identification:_identify(/home/danielwp22/ROS2-navigation-course/Section9_Build_the_Robot/bumperbot_ws/src/bumperbot_description) by extension 'ignore'
[0.353s] Level 1:colcon.colcon_core.package_identification:_identify(/home/danielwp22/ROS2-navigation-course/Section9_Build_the_Robot/bumperbot_ws/src/bumperbot_description) by extension 'ignore_ament_install'
[0.354s] Level 1:colcon.colcon_core.package_identification:_identify(/home/danielwp22/ROS2-navigation-course/Section9_Build_the_Robot/bumperbot_ws/src/bumperbot_description) by extensions ['colcon_pkg']
[0.354s] Level 1:colcon.colcon_core.package_identification:_identify(/home/danielwp22/ROS2-navigation-course/Section9_Build_the_Robot/bumperbot_ws/src/bumperbot_description) by extension 'colcon_pkg'
[0.354s] Level 1:colcon.colcon_core.package_identification:_identify(/home/danielwp22/ROS2-navigation-course/Section9_Build_the_Robot/bumperbot_ws/src/bumperbot_description) by extensions ['colcon_meta']
[0.354s] Level 1:colcon.colcon_core.package_identification:_identify(/home/danielwp22/ROS2-navigation-course/Section9_Build_the_Robot/bumperbot_ws/src/bumperbot_description) by extension 'colcon_meta'
[0.354s] Level 1:colcon.colcon_core.package_identification:_identify(/home/danielwp22/ROS2-navigation-course/Section9_Build_the_Robot/bumperbot_ws/src/bumperbot_description) by extensions ['ros']
[0.354s] Level 1:colcon.colcon_core.package_identification:_identify(/home/danielwp22/ROS2-navigation-course/Section9_Build_the_Robot/bumperbot_ws/src/bumperbot_description) by extension 'ros'
[0.361s] DEBUG:colcon.colcon_core.package_identification:Package '/home/danielwp22/ROS2-navigation-course/Section9_Build_the_Robot/bumperbot_ws/src/bumperbot_description' with type 'ros.ament_cmake' and name 'bumperbot_description'
[0.361s] Level 1:colcon.colcon_core.package_identification:_identify(/home/danielwp22/ROS2-navigation-course/Section9_Build_the_Robot/bumperbot_ws/src/bumperbot_firmware) by extensions ['ignore', 'ignore_ament_install']
[0.361s] Level 1:colcon.colcon_core.package_identification:_identify(/home/danielwp22/ROS2-navigation-course/Section9_Build_the_Robot/bumperbot_ws/src/bumperbot_firmware) by extension 'ignore'
[0.361s] Level 1:colcon.colcon_core.package_identification:_identify(/home/danielwp22/ROS2-navigation-course/Section9_Build_the_Robot/bumperbot_ws/src/bumperbot_firmware) by extension 'ignore_ament_install'
[0.362s] Level 1:colcon.colcon_core.package_identification:_identify(/home/danielwp22/ROS2-navigation-course/Section9_Build_the_Robot/bumperbot_ws/src/bumperbot_firmware) by extensions ['colcon_pkg']
[0.362s] Level 1:colcon.colcon_core.package_identification:_identify(/home/danielwp22/ROS2-navigation-course/Section9_Build_the_Robot/bumperbot_ws/src/bumperbot_firmware) by extension 'colcon_pkg'
[0.362s] Level 1:colcon.colcon_core.package_identification:_identify(/home/danielwp22/ROS2-navigation-course/Section9_Build_the_Robot/bumperbot_ws/src/bumperbot_firmware) by extensions ['colcon_meta']
[0.362s] Level 1:colcon.colcon_core.package_identification:_identify(/home/danielwp22/ROS2-navigation-course/Section9_Build_the_Robot/bumperbot_ws/src/bumperbot_firmware) by extension 'colcon_meta'
[0.362s] Level 1:colcon.colcon_core.package_identification:_identify(/home/danielwp22/ROS2-navigation-course/Section9_Build_the_Robot/bumperbot_ws/src/bumperbot_firmware) by extensions ['ros']
[0.362s] Level 1:colcon.colcon_core.package_identification:_identify(/home/danielwp22/ROS2-navigation-course/Section9_Build_the_Robot/bumperbot_ws/src/bumperbot_firmware) by extension 'ros'
[0.364s] DEBUG:colcon.colcon_core.package_identification:Package '/home/danielwp22/ROS2-navigation-course/Section9_Build_the_Robot/bumperbot_ws/src/bumperbot_firmware' with type 'ros.ament_cmake' and name 'bumperbot_firmware'
[0.364s] Level 1:colcon.colcon_core.package_identification:_identify(/home/danielwp22/ROS2-navigation-course/Section9_Build_the_Robot/bumperbot_ws/src/bumperbot_localization) by extensions ['ignore', 'ignore_ament_install']
[0.365s] Level 1:colcon.colcon_core.package_identification:_identify(/home/danielwp22/ROS2-navigation-course/Section9_Build_the_Robot/bumperbot_ws/src/bumperbot_localization) by extension 'ignore'
[0.365s] Level 1:colcon.colcon_core.package_identification:_identify(/home/danielwp22/ROS2-navigation-course/Section9_Build_the_Robot/bumperbot_ws/src/bumperbot_localization) by extension 'ignore_ament_install'
[0.365s] Level 1:colcon.colcon_core.package_identification:_identify(/home/danielwp22/ROS2-navigation-course/Section9_Build_the_Robot/bumperbot_ws/src/bumperbot_localization) by extensions ['colcon_pkg']
[0.365s] Level 1:colcon.colcon_core.package_identification:_identify(/home/danielwp22/ROS2-navigation-course/Section9_Build_the_Robot/bumperbot_ws/src/bumperbot_localization) by extension 'colcon_pkg'
[0.365s] Level 1:colcon.colcon_core.package_identification:_identify(/home/danielwp22/ROS2-navigation-course/Section9_Build_the_Robot/bumperbot_ws/src/bumperbot_localization) by extensions ['colcon_meta']
[0.365s] Level 1:colcon.colcon_core.package_identification:_identify(/home/danielwp22/ROS2-navigation-course/Section9_Build_the_Robot/bumperbot_ws/src/bumperbot_localization) by extension 'colcon_meta'
[0.365s] Level 1:colcon.colcon_core.package_identification:_identify(/home/danielwp22/ROS2-navigation-course/Section9_Build_the_Robot/bumperbot_ws/src/bumperbot_localization) by extensions ['ros']
[0.365s] Level 1:colcon.colcon_core.package_identification:_identify(/home/danielwp22/ROS2-navigation-course/Section9_Build_the_Robot/bumperbot_ws/src/bumperbot_localization) by extension 'ros'
[0.367s] DEBUG:colcon.colcon_core.package_identification:Package '/home/danielwp22/ROS2-navigation-course/Section9_Build_the_Robot/bumperbot_ws/src/bumperbot_localization' with type 'ros.ament_cmake' and name 'bumperbot_localization'
[0.367s] Level 1:colcon.colcon_core.package_identification:_identify(/home/danielwp22/ROS2-navigation-course/Section9_Build_the_Robot/bumperbot_ws/src/bumperbot_mapping) by extensions ['ignore', 'ignore_ament_install']
[0.367s] Level 1:colcon.colcon_core.package_identification:_identify(/home/danielwp22/ROS2-navigation-course/Section9_Build_the_Robot/bumperbot_ws/src/bumperbot_mapping) by extension 'ignore'
[0.368s] Level 1:colcon.colcon_core.package_identification:_identify(/home/danielwp22/ROS2-navigation-course/Section9_Build_the_Robot/bumperbot_ws/src/bumperbot_mapping) by extension 'ignore_ament_install'
[0.368s] Level 1:colcon.colcon_core.package_identification:_identify(/home/danielwp22/ROS2-navigation-course/Section9_Build_the_Robot/bumperbot_ws/src/bumperbot_mapping) by extensions ['colcon_pkg']
[0.368s] Level 1:colcon.colcon_core.package_identification:_identify(/home/danielwp22/ROS2-navigation-course/Section9_Build_the_Robot/bumperbot_ws/src/bumperbot_mapping) by extension 'colcon_pkg'
[0.368s] Level 1:colcon.colcon_core.package_identification:_identify(/home/danielwp22/ROS2-navigation-course/Section9_Build_the_Robot/bumperbot_ws/src/bumperbot_mapping) by extensions ['colcon_meta']
[0.368s] Level 1:colcon.colcon_core.package_identification:_identify(/home/danielwp22/ROS2-navigation-course/Section9_Build_the_Robot/bumperbot_ws/src/bumperbot_mapping) by extension 'colcon_meta'
[0.368s] Level 1:colcon.colcon_core.package_identification:_identify(/home/danielwp22/ROS2-navigation-course/Section9_Build_the_Robot/bumperbot_ws/src/bumperbot_mapping) by extensions ['ros']
[0.368s] Level 1:colcon.colcon_core.package_identification:_identify(/home/danielwp22/ROS2-navigation-course/Section9_Build_the_Robot/bumperbot_ws/src/bumperbot_mapping) by extension 'ros'
[0.370s] DEBUG:colcon.colcon_core.package_identification:Package '/home/danielwp22/ROS2-navigation-course/Section9_Build_the_Robot/bumperbot_ws/src/bumperbot_mapping' with type 'ros.ament_cmake' and name 'bumperbot_mapping'
[0.370s] Level 1:colcon.colcon_core.package_identification:_identify(/home/danielwp22/ROS2-navigation-course/Section9_Build_the_Robot/bumperbot_ws/src/bumperbot_motion) by extensions ['ignore', 'ignore_ament_install']
[0.370s] Level 1:colcon.colcon_core.package_identification:_identify(/home/danielwp22/ROS2-navigation-course/Section9_Build_the_Robot/bumperbot_ws/src/bumperbot_motion) by extension 'ignore'
[0.370s] Level 1:colcon.colcon_core.package_identification:_identify(/home/danielwp22/ROS2-navigation-course/Section9_Build_the_Robot/bumperbot_ws/src/bumperbot_motion) by extension 'ignore_ament_install'
[0.370s] Level 1:colcon.colcon_core.package_identification:_identify(/home/danielwp22/ROS2-navigation-course/Section9_Build_the_Robot/bumperbot_ws/src/bumperbot_motion) by extensions ['colcon_pkg']
[0.370s] Level 1:colcon.colcon_core.package_identification:_identify(/home/danielwp22/ROS2-navigation-course/Section9_Build_the_Robot/bumperbot_ws/src/bumperbot_motion) by extension 'colcon_pkg'
[0.371s] Level 1:colcon.colcon_core.package_identification:_identify(/home/danielwp22/ROS2-navigation-course/Section9_Build_the_Robot/bumperbot_ws/src/bumperbot_motion) by extensions ['colcon_meta']
[0.371s] Level 1:colcon.colcon_core.package_identification:_identify(/home/danielwp22/ROS2-navigation-course/Section9_Build_the_Robot/bumperbot_ws/src/bumperbot_motion) by extension 'colcon_meta'
[0.371s] Level 1:colcon.colcon_core.package_identification:_identify(/home/danielwp22/ROS2-navigation-course/Section9_Build_the_Robot/bumperbot_ws/src/bumperbot_motion) by extensions ['ros']
[0.371s] Level 1:colcon.colcon_core.package_identification:_identify(/home/danielwp22/ROS2-navigation-course/Section9_Build_the_Robot/bumperbot_ws/src/bumperbot_motion) by extension 'ros'
[0.372s] DEBUG:colcon.colcon_core.package_identification:Package '/home/danielwp22/ROS2-navigation-course/Section9_Build_the_Robot/bumperbot_ws/src/bumperbot_motion' with type 'ros.ament_cmake' and name 'bumperbot_motion'
[0.373s] Level 1:colcon.colcon_core.package_identification:_identify(/home/danielwp22/ROS2-navigation-course/Section9_Build_the_Robot/bumperbot_ws/src/bumperbot_msgs) by extensions ['ignore', 'ignore_ament_install']
[0.373s] Level 1:colcon.colcon_core.package_identification:_identify(/home/danielwp22/ROS2-navigation-course/Section9_Build_the_Robot/bumperbot_ws/src/bumperbot_msgs) by extension 'ignore'
[0.373s] Level 1:colcon.colcon_core.package_identification:_identify(/home/danielwp22/ROS2-navigation-course/Section9_Build_the_Robot/bumperbot_ws/src/bumperbot_msgs) by extension 'ignore_ament_install'
[0.373s] Level 1:colcon.colcon_core.package_identification:_identify(/home/danielwp22/ROS2-navigation-course/Section9_Build_the_Robot/bumperbot_ws/src/bumperbot_msgs) by extensions ['colcon_pkg']
[0.373s] Level 1:colcon.colcon_core.package_identification:_identify(/home/danielwp22/ROS2-navigation-course/Section9_Build_the_Robot/bumperbot_ws/src/bumperbot_msgs) by extension 'colcon_pkg'
[0.373s] Level 1:colcon.colcon_core.package_identification:_identify(/home/danielwp22/ROS2-navigation-course/Section9_Build_the_Robot/bumperbot_ws/src/bumperbot_msgs) by extensions ['colcon_meta']
[0.373s] Level 1:colcon.colcon_core.package_identification:_identify(/home/danielwp22/ROS2-navigation-course/Section9_Build_the_Robot/bumperbot_ws/src/bumperbot_msgs) by extension 'colcon_meta'
[0.373s] Level 1:colcon.colcon_core.package_identification:_identify(/home/danielwp22/ROS2-navigation-course/Section9_Build_the_Robot/bumperbot_ws/src/bumperbot_msgs) by extensions ['ros']
[0.373s] Level 1:colcon.colcon_core.package_identification:_identify(/home/danielwp22/ROS2-navigation-course/Section9_Build_the_Robot/bumperbot_ws/src/bumperbot_msgs) by extension 'ros'
[0.374s] DEBUG:colcon.colcon_core.package_identification:Package '/home/danielwp22/ROS2-navigation-course/Section9_Build_the_Robot/bumperbot_ws/src/bumperbot_msgs' with type 'ros.ament_cmake' and name 'bumperbot_msgs'
[0.375s] Level 1:colcon.colcon_core.package_identification:_identify(/home/danielwp22/ROS2-navigation-course/Section9_Build_the_Robot/bumperbot_ws/src/bumperbot_navigation) by extensions ['ignore', 'ignore_ament_install']
[0.375s] Level 1:colcon.colcon_core.package_identification:_identify(/home/danielwp22/ROS2-navigation-course/Section9_Build_the_Robot/bumperbot_ws/src/bumperbot_navigation) by extension 'ignore'
[0.375s] Level 1:colcon.colcon_core.package_identification:_identify(/home/danielwp22/ROS2-navigation-course/Section9_Build_the_Robot/bumperbot_ws/src/bumperbot_navigation) by extension 'ignore_ament_install'
[0.375s] Level 1:colcon.colcon_core.package_identification:_identify(/home/danielwp22/ROS2-navigation-course/Section9_Build_the_Robot/bumperbot_ws/src/bumperbot_navigation) by extensions ['colcon_pkg']
[0.375s] Level 1:colcon.colcon_core.package_identification:_identify(/home/danielwp22/ROS2-navigation-course/Section9_Build_the_Robot/bumperbot_ws/src/bumperbot_navigation) by extension 'colcon_pkg'
[0.375s] Level 1:colcon.colcon_core.package_identification:_identify(/home/danielwp22/ROS2-navigation-course/Section9_Build_the_Robot/bumperbot_ws/src/bumperbot_navigation) by extensions ['colcon_meta']
[0.376s] Level 1:colcon.colcon_core.package_identification:_identify(/home/danielwp22/ROS2-navigation-course/Section9_Build_the_Robot/bumperbot_ws/src/bumperbot_navigation) by extension 'colcon_meta'
[0.376s] Level 1:colcon.colcon_core.package_identification:_identify(/home/danielwp22/ROS2-navigation-course/Section9_Build_the_Robot/bumperbot_ws/src/bumperbot_navigation) by extensions ['ros']
[0.376s] Level 1:colcon.colcon_core.package_identification:_identify(/home/danielwp22/ROS2-navigation-course/Section9_Build_the_Robot/bumperbot_ws/src/bumperbot_navigation) by extension 'ros'
[0.377s] DEBUG:colcon.colcon_core.package_identification:Package '/home/danielwp22/ROS2-navigation-course/Section9_Build_the_Robot/bumperbot_ws/src/bumperbot_navigation' with type 'ros.ament_cmake' and name 'bumperbot_navigation'
[0.377s] Level 1:colcon.colcon_core.package_identification:_identify(/home/danielwp22/ROS2-navigation-course/Section9_Build_the_Robot/bumperbot_ws/src/bumperbot_planning) by extensions ['ignore', 'ignore_ament_install']
[0.377s] Level 1:colcon.colcon_core.package_identification:_identify(/home/danielwp22/ROS2-navigation-course/Section9_Build_the_Robot/bumperbot_ws/src/bumperbot_planning) by extension 'ignore'
[0.377s] Level 1:colcon.colcon_core.package_identification:_identify(/home/danielwp22/ROS2-navigation-course/Section9_Build_the_Robot/bumperbot_ws/src/bumperbot_planning) by extension 'ignore_ament_install'
[0.377s] Level 1:colcon.colcon_core.package_identification:_identify(/home/danielwp22/ROS2-navigation-course/Section9_Build_the_Robot/bumperbot_ws/src/bumperbot_planning) by extensions ['colcon_pkg']
[0.377s] Level 1:colcon.colcon_core.package_identification:_identify(/home/danielwp22/ROS2-navigation-course/Section9_Build_the_Robot/bumperbot_ws/src/bumperbot_planning) by extension 'colcon_pkg'
[0.378s] Level 1:colcon.colcon_core.package_identification:_identify(/home/danielwp22/ROS2-navigation-course/Section9_Build_the_Robot/bumperbot_ws/src/bumperbot_planning) by extensions ['colcon_meta']
[0.378s] Level 1:colcon.colcon_core.package_identification:_identify(/home/danielwp22/ROS2-navigation-course/Section9_Build_the_Robot/bumperbot_ws/src/bumperbot_planning) by extension 'colcon_meta'
[0.378s] Level 1:colcon.colcon_core.package_identification:_identify(/home/danielwp22/ROS2-navigation-course/Section9_Build_the_Robot/bumperbot_ws/src/bumperbot_planning) by extensions ['ros']
[0.378s] Level 1:colcon.colcon_core.package_identification:_identify(/home/danielwp22/ROS2-navigation-course/Section9_Build_the_Robot/bumperbot_ws/src/bumperbot_planning) by extension 'ros'
[0.381s] DEBUG:colcon.colcon_core.package_identification:Package '/home/danielwp22/ROS2-navigation-course/Section9_Build_the_Robot/bumperbot_ws/src/bumperbot_planning' with type 'ros.ament_cmake' and name 'bumperbot_planning'
[0.381s] Level 1:colcon.colcon_core.package_identification:_identify(/home/danielwp22/ROS2-navigation-course/Section9_Build_the_Robot/bumperbot_ws/src/bumperbot_py_examples) by extensions ['ignore', 'ignore_ament_install']
[0.381s] Level 1:colcon.colcon_core.package_identification:_identify(/home/danielwp22/ROS2-navigation-course/Section9_Build_the_Robot/bumperbot_ws/src/bumperbot_py_examples) by extension 'ignore'
[0.381s] Level 1:colcon.colcon_core.package_identification:_identify(/home/danielwp22/ROS2-navigation-course/Section9_Build_the_Robot/bumperbot_ws/src/bumperbot_py_examples) by extension 'ignore_ament_install'
[0.381s] Level 1:colcon.colcon_core.package_identification:_identify(/home/danielwp22/ROS2-navigation-course/Section9_Build_the_Robot/bumperbot_ws/src/bumperbot_py_examples) by extensions ['colcon_pkg']
[0.381s] Level 1:colcon.colcon_core.package_identification:_identify(/home/danielwp22/ROS2-navigation-course/Section9_Build_the_Robot/bumperbot_ws/src/bumperbot_py_examples) by extension 'colcon_pkg'
[0.382s] Level 1:colcon.colcon_core.package_identification:_identify(/home/danielwp22/ROS2-navigation-course/Section9_Build_the_Robot/bumperbot_ws/src/bumperbot_py_examples) by extensions ['colcon_meta']
[0.382s] Level 1:colcon.colcon_core.package_identification:_identify(/home/danielwp22/ROS2-navigation-course/Section9_Build_the_Robot/bumperbot_ws/src/bumperbot_py_examples) by extension 'colcon_meta'
[0.382s] Level 1:colcon.colcon_core.package_identification:_identify(/home/danielwp22/ROS2-navigation-course/Section9_Build_the_Robot/bumperbot_ws/src/bumperbot_py_examples) by extensions ['ros']
[0.382s] Level 1:colcon.colcon_core.package_identification:_identify(/home/danielwp22/ROS2-navigation-course/Section9_Build_the_Robot/bumperbot_ws/src/bumperbot_py_examples) by extension 'ros'
[0.383s] DEBUG:colcon.colcon_core.package_identification:Package '/home/danielwp22/ROS2-navigation-course/Section9_Build_the_Robot/bumperbot_ws/src/bumperbot_py_examples' with type 'ros.ament_python' and name 'bumperbot_py_examples'
[0.384s] Level 1:colcon.colcon_core.package_identification:_identify(/home/danielwp22/ROS2-navigation-course/Section9_Build_the_Robot/bumperbot_ws/src/bumperbot_utils) by extensions ['ignore', 'ignore_ament_install']
[0.384s] Level 1:colcon.colcon_core.package_identification:_identify(/home/danielwp22/ROS2-navigation-course/Section9_Build_the_Robot/bumperbot_ws/src/bumperbot_utils) by extension 'ignore'
[0.384s] Level 1:colcon.colcon_core.package_identification:_identify(/home/danielwp22/ROS2-navigation-course/Section9_Build_the_Robot/bumperbot_ws/src/bumperbot_utils) by extension 'ignore_ament_install'
[0.384s] Level 1:colcon.colcon_core.package_identification:_identify(/home/danielwp22/ROS2-navigation-course/Section9_Build_the_Robot/bumperbot_ws/src/bumperbot_utils) by extensions ['colcon_pkg']
[0.384s] Level 1:colcon.colcon_core.package_identification:_identify(/home/danielwp22/ROS2-navigation-course/Section9_Build_the_Robot/bumperbot_ws/src/bumperbot_utils) by extension 'colcon_pkg'
[0.384s] Level 1:colcon.colcon_core.package_identification:_identify(/home/danielwp22/ROS2-navigation-course/Section9_Build_the_Robot/bumperbot_ws/src/bumperbot_utils) by extensions ['colcon_meta']
[0.384s] Level 1:colcon.colcon_core.package_identification:_identify(/home/danielwp22/ROS2-navigation-course/Section9_Build_the_Robot/bumperbot_ws/src/bumperbot_utils) by extension 'colcon_meta'
[0.384s] Level 1:colcon.colcon_core.package_identification:_identify(/home/danielwp22/ROS2-navigation-course/Section9_Build_the_Robot/bumperbot_ws/src/bumperbot_utils) by extensions ['ros']
[0.384s] Level 1:colcon.colcon_core.package_identification:_identify(/home/danielwp22/ROS2-navigation-course/Section9_Build_the_Robot/bumperbot_ws/src/bumperbot_utils) by extension 'ros'
[0.386s] DEBUG:colcon.colcon_core.package_identification:Package '/home/danielwp22/ROS2-navigation-course/Section9_Build_the_Robot/bumperbot_ws/src/bumperbot_utils' with type 'ros.ament_cmake' and name 'bumperbot_utils'
[0.386s] Level 1:colcon.colcon_core.package_discovery:discover_packages(recursive) using defaults
