[0.025s] Invoking command in '/home/danielwp22/ROS2-navigation-course/Section9_Build_the_Robot/bumperbot_ws/build/bumperbot_localization': CMAKE_PREFIX_PATH=${CMAKE_PREFIX_PATH}:/home/danielwp22/ROS2-navigation-course/Section8_Decision_Making/bumperbot_ws/install/bumperbot_py_examples:/home/danielwp22/ROS2-navigation-course/Section7_Navigation/bumperbot_ws/install/bumperbot_py_examples:/home/danielwp22/ros2_ws/install/my_turtle_pkg:/home/danielwp22/ros2_ws/install/my_py_pkg:/home/danielwp22/ros2_ws/install/actions_py:/home/danielwp22/ros2_ws/install/lifecycle_py:/home/danielwp22/ros2_ws/install/executors_py:/home/danielwp22/ros2_ws/install/components_py:/opt/ros/jazzy DEBUGINFOD_URLS=https://debuginfod.ubuntu.com /usr/bin/cmake /home/danielwp22/ROS2-navigation-course/Section9_Build_the_Robot/bumperbot_ws/src/bumperbot_localization -DCMAKE_INSTALL_PREFIX=/home/danielwp22/ROS2-navigation-course/Section9_Build_the_Robot/bumperbot_ws/install/bumperbot_localization
[0.105s] -- The C compiler identification is GNU 13.3.0
[0.182s] -- The CXX compiler identification is GNU 13.3.0
[0.205s] -- Detecting C compiler ABI info
[0.333s] -- Detecting C compiler ABI info - done
[0.345s] -- Check for working C compiler: /usr/bin/cc - skipped
[0.345s] -- Detecting C compile features
[0.345s] -- Detecting C compile features - done
[0.358s] -- Detecting CXX compiler ABI info
[0.538s] -- Detecting CXX compiler ABI info - done
[0.550s] -- Check for working CXX compiler: /usr/bin/c++ - skipped
[0.551s] -- Detecting CXX compile features
[0.551s] -- Detecting CXX compile features - done
[0.567s] -- Found ament_cmake: 2.5.4 (/opt/ros/jazzy/share/ament_cmake/cmake)
[0.907s] -- Found Python3: /usr/bin/python3 (found version "3.12.3") found components: Interpreter 
[1.207s] -- Found rclcpp: 28.1.9 (/opt/ros/jazzy/share/rclcpp/cmake)
[1.332s] -- Found rosidl_generator_c: 4.6.5 (/opt/ros/jazzy/share/rosidl_generator_c/cmake)
[1.374s] -- Found rosidl_generator_cpp: 4.6.5 (/opt/ros/jazzy/share/rosidl_generator_cpp/cmake)
[1.422s] -- Using all available rosidl_typesupport_c: rosidl_typesupport_fastrtps_c;rosidl_typesupport_introspection_c
[1.473s] -- Using all available rosidl_typesupport_cpp: rosidl_typesupport_fastrtps_cpp;rosidl_typesupport_introspection_cpp
[1.653s] -- Found rmw_implementation_cmake: 7.3.2 (/opt/ros/jazzy/share/rmw_implementation_cmake/cmake)
[1.669s] -- Found rmw_fastrtps_cpp: 8.4.2 (/opt/ros/jazzy/share/rmw_fastrtps_cpp/cmake)
[1.847s] -- Found OpenSSL: /usr/lib/x86_64-linux-gnu/libcrypto.so (found version "3.0.13")  
[1.880s] -- Found FastRTPS: /opt/ros/jazzy/include (Required is at least version "2.13") 
[1.920s] -- Using RMW implementation 'rmw_fastrtps_cpp' as default
[2.078s] -- Found rclpy: 7.1.4 (/opt/ros/jazzy/share/rclpy/cmake)
[2.092s] -- Found nav_msgs: 5.3.6 (/opt/ros/jazzy/share/nav_msgs/cmake)
[2.204s] -- Found sensor_msgs: 5.3.6 (/opt/ros/jazzy/share/sensor_msgs/cmake)
[2.247s] -- Found tf2: 0.36.11 (/opt/ros/jazzy/share/tf2/cmake)
[2.639s] -- Configuring done (2.6s)
[2.686s] -- Generating done (0.0s)
[2.698s] -- Build files have been written to: /home/danielwp22/ROS2-navigation-course/Section9_Build_the_Robot/bumperbot_ws/build/bumperbot_localization
[2.717s] Invoked command in '/home/danielwp22/ROS2-navigation-course/Section9_Build_the_Robot/bumperbot_ws/build/bumperbot_localization' returned '0': CMAKE_PREFIX_PATH=${CMAKE_PREFIX_PATH}:/home/danielwp22/ROS2-navigation-course/Section8_Decision_Making/bumperbot_ws/install/bumperbot_py_examples:/home/danielwp22/ROS2-navigation-course/Section7_Navigation/bumperbot_ws/install/bumperbot_py_examples:/home/danielwp22/ros2_ws/install/my_turtle_pkg:/home/danielwp22/ros2_ws/install/my_py_pkg:/home/danielwp22/ros2_ws/install/actions_py:/home/danielwp22/ros2_ws/install/lifecycle_py:/home/danielwp22/ros2_ws/install/executors_py:/home/danielwp22/ros2_ws/install/components_py:/opt/ros/jazzy DEBUGINFOD_URLS=https://debuginfod.ubuntu.com /usr/bin/cmake /home/danielwp22/ROS2-navigation-course/Section9_Build_the_Robot/bumperbot_ws/src/bumperbot_localization -DCMAKE_INSTALL_PREFIX=/home/danielwp22/ROS2-navigation-course/Section9_Build_the_Robot/bumperbot_ws/install/bumperbot_localization
[2.717s] Invoking command in '/home/danielwp22/ROS2-navigation-course/Section9_Build_the_Robot/bumperbot_ws/build/bumperbot_localization': CMAKE_PREFIX_PATH=${CMAKE_PREFIX_PATH}:/home/danielwp22/ROS2-navigation-course/Section8_Decision_Making/bumperbot_ws/install/bumperbot_py_examples:/home/danielwp22/ROS2-navigation-course/Section7_Navigation/bumperbot_ws/install/bumperbot_py_examples:/home/danielwp22/ros2_ws/install/my_turtle_pkg:/home/danielwp22/ros2_ws/install/my_py_pkg:/home/danielwp22/ros2_ws/install/actions_py:/home/danielwp22/ros2_ws/install/lifecycle_py:/home/danielwp22/ros2_ws/install/executors_py:/home/danielwp22/ros2_ws/install/components_py:/opt/ros/jazzy DEBUGINFOD_URLS=https://debuginfod.ubuntu.com /usr/bin/cmake --build /home/danielwp22/ROS2-navigation-course/Section9_Build_the_Robot/bumperbot_ws/build/bumperbot_localization -- -j4 -l4
[2.933s] [ 16%] [32mBuilding CXX object CMakeFiles/kalman_filter.dir/src/kalman_filter.cpp.o[0m
[2.938s] [ 33%] [32mBuilding CXX object CMakeFiles/imu_republisher.dir/src/imu_republisher.cpp.o[0m
[2.951s] [ 33%] Built target ament_cmake_python_copy_bumperbot_localization
[2.951s] [ 50%] [32mBuilding CXX object CMakeFiles/odometry_motion_model.dir/src/odometry_motion_model.cpp.o[0m
[3.700s] running egg_info
[3.701s] creating bumperbot_localization.egg-info
[3.731s] writing bumperbot_localization.egg-info/PKG-INFO
[3.731s] writing dependency_links to bumperbot_localization.egg-info/dependency_links.txt
[3.732s] writing top-level names to bumperbot_localization.egg-info/top_level.txt
[3.732s] writing manifest file 'bumperbot_localization.egg-info/SOURCES.txt'
[3.842s] reading manifest file 'bumperbot_localization.egg-info/SOURCES.txt'
[3.842s] writing manifest file 'bumperbot_localization.egg-info/SOURCES.txt'
[3.908s] [ 50%] Built target ament_cmake_python_build_bumperbot_localization_egg
[36.972s] [ 66%] [32m[1mLinking CXX executable imu_republisher[0m
[38.221s] [ 66%] Built target imu_republisher
[42.338s] [ 83%] [32m[1mLinking CXX executable kalman_filter[0m
[42.608s] [100%] [32m[1mLinking CXX executable odometry_motion_model[0m
[43.192s] [100%] Built target odometry_motion_model
[43.428s] [100%] Built target kalman_filter
[43.466s] Invoked command in '/home/danielwp22/ROS2-navigation-course/Section9_Build_the_Robot/bumperbot_ws/build/bumperbot_localization' returned '0': CMAKE_PREFIX_PATH=${CMAKE_PREFIX_PATH}:/home/danielwp22/ROS2-navigation-course/Section8_Decision_Making/bumperbot_ws/install/bumperbot_py_examples:/home/danielwp22/ROS2-navigation-course/Section7_Navigation/bumperbot_ws/install/bumperbot_py_examples:/home/danielwp22/ros2_ws/install/my_turtle_pkg:/home/danielwp22/ros2_ws/install/my_py_pkg:/home/danielwp22/ros2_ws/install/actions_py:/home/danielwp22/ros2_ws/install/lifecycle_py:/home/danielwp22/ros2_ws/install/executors_py:/home/danielwp22/ros2_ws/install/components_py:/opt/ros/jazzy DEBUGINFOD_URLS=https://debuginfod.ubuntu.com /usr/bin/cmake --build /home/danielwp22/ROS2-navigation-course/Section9_Build_the_Robot/bumperbot_ws/build/bumperbot_localization -- -j4 -l4
[43.467s] Invoking command in '/home/danielwp22/ROS2-navigation-course/Section9_Build_the_Robot/bumperbot_ws/build/bumperbot_localization': CMAKE_PREFIX_PATH=${CMAKE_PREFIX_PATH}:/home/danielwp22/ROS2-navigation-course/Section8_Decision_Making/bumperbot_ws/install/bumperbot_py_examples:/home/danielwp22/ROS2-navigation-course/Section7_Navigation/bumperbot_ws/install/bumperbot_py_examples:/home/danielwp22/ros2_ws/install/my_turtle_pkg:/home/danielwp22/ros2_ws/install/my_py_pkg:/home/danielwp22/ros2_ws/install/actions_py:/home/danielwp22/ros2_ws/install/lifecycle_py:/home/danielwp22/ros2_ws/install/executors_py:/home/danielwp22/ros2_ws/install/components_py:/opt/ros/jazzy DEBUGINFOD_URLS=https://debuginfod.ubuntu.com /usr/bin/cmake --install /home/danielwp22/ROS2-navigation-course/Section9_Build_the_Robot/bumperbot_ws/build/bumperbot_localization
[43.497s] -- Install configuration: ""
[43.497s] -- Installing: /home/danielwp22/ROS2-navigation-course/Section9_Build_the_Robot/bumperbot_ws/install/bumperbot_localization/share/bumperbot_localization/environment/pythonpath.sh
[43.501s] -- Installing: /home/danielwp22/ROS2-navigation-course/Section9_Build_the_Robot/bumperbot_ws/install/bumperbot_localization/share/bumperbot_localization/environment/pythonpath.dsv
[43.501s] -- Installing: /home/danielwp22/ROS2-navigation-course/Section9_Build_the_Robot/bumperbot_ws/install/bumperbot_localization/lib/python3.12/site-packages/bumperbot_localization-0.0.0-py3.12.egg-info
[43.502s] -- Installing: /home/danielwp22/ROS2-navigation-course/Section9_Build_the_Robot/bumperbot_ws/install/bumperbot_localization/lib/python3.12/site-packages/bumperbot_localization-0.0.0-py3.12.egg-info/PKG-INFO
[43.502s] -- Installing: /home/danielwp22/ROS2-navigation-course/Section9_Build_the_Robot/bumperbot_ws/install/bumperbot_localization/lib/python3.12/site-packages/bumperbot_localization-0.0.0-py3.12.egg-info/SOURCES.txt
[43.502s] -- Installing: /home/danielwp22/ROS2-navigation-course/Section9_Build_the_Robot/bumperbot_ws/install/bumperbot_localization/lib/python3.12/site-packages/bumperbot_localization-0.0.0-py3.12.egg-info/top_level.txt
[43.502s] -- Installing: /home/danielwp22/ROS2-navigation-course/Section9_Build_the_Robot/bumperbot_ws/install/bumperbot_localization/lib/python3.12/site-packages/bumperbot_localization-0.0.0-py3.12.egg-info/dependency_links.txt
[43.503s] -- Installing: /home/danielwp22/ROS2-navigation-course/Section9_Build_the_Robot/bumperbot_ws/install/bumperbot_localization/lib/python3.12/site-packages/bumperbot_localization
[43.503s] -- Installing: /home/danielwp22/ROS2-navigation-course/Section9_Build_the_Robot/bumperbot_ws/install/bumperbot_localization/lib/python3.12/site-packages/bumperbot_localization/__init__.py
[43.503s] -- Installing: /home/danielwp22/ROS2-navigation-course/Section9_Build_the_Robot/bumperbot_ws/install/bumperbot_localization/lib/python3.12/site-packages/bumperbot_localization/imu_republisher.py
[43.515s] -- Installing: /home/danielwp22/ROS2-navigation-course/Section9_Build_the_Robot/bumperbot_ws/install/bumperbot_localization/lib/python3.12/site-packages/bumperbot_localization/odometry_motion_model.py
[43.515s] -- Installing: /home/danielwp22/ROS2-navigation-course/Section9_Build_the_Robot/bumperbot_ws/install/bumperbot_localization/lib/python3.12/site-packages/bumperbot_localization/kalman_filter.py
[43.604s] Listing '/home/danielwp22/ROS2-navigation-course/Section9_Build_the_Robot/bumperbot_ws/install/bumperbot_localization/lib/python3.12/site-packages/bumperbot_localization'...
[43.604s] Compiling '/home/danielwp22/ROS2-navigation-course/Section9_Build_the_Robot/bumperbot_ws/install/bumperbot_localization/lib/python3.12/site-packages/bumperbot_localization/__init__.py'...
[43.604s] Compiling '/home/danielwp22/ROS2-navigation-course/Section9_Build_the_Robot/bumperbot_ws/install/bumperbot_localization/lib/python3.12/site-packages/bumperbot_localization/imu_republisher.py'...
[43.605s] Compiling '/home/danielwp22/ROS2-navigation-course/Section9_Build_the_Robot/bumperbot_ws/install/bumperbot_localization/lib/python3.12/site-packages/bumperbot_localization/kalman_filter.py'...
[43.605s] Compiling '/home/danielwp22/ROS2-navigation-course/Section9_Build_the_Robot/bumperbot_ws/install/bumperbot_localization/lib/python3.12/site-packages/bumperbot_localization/odometry_motion_model.py'...
[43.614s] -- Installing: /home/danielwp22/ROS2-navigation-course/Section9_Build_the_Robot/bumperbot_ws/install/bumperbot_localization/include/include
[43.615s] -- Installing: /home/danielwp22/ROS2-navigation-course/Section9_Build_the_Robot/bumperbot_ws/install/bumperbot_localization/include/include/bumperbot_localization
[43.615s] -- Installing: /home/danielwp22/ROS2-navigation-course/Section9_Build_the_Robot/bumperbot_ws/install/bumperbot_localization/include/include/bumperbot_localization/kalman_filter.hpp
[43.616s] -- Installing: /home/danielwp22/ROS2-navigation-course/Section9_Build_the_Robot/bumperbot_ws/install/bumperbot_localization/include/include/bumperbot_localization/odometry_motion_model.hpp
[43.620s] -- Installing: /home/danielwp22/ROS2-navigation-course/Section9_Build_the_Robot/bumperbot_ws/install/bumperbot_localization/bin/odometry_motion_model
[43.637s] -- Set non-toolchain portion of runtime path of "/home/danielwp22/ROS2-navigation-course/Section9_Build_the_Robot/bumperbot_ws/install/bumperbot_localization/bin/odometry_motion_model" to ""
[43.637s] -- Installing: /home/danielwp22/ROS2-navigation-course/Section9_Build_the_Robot/bumperbot_ws/install/bumperbot_localization/lib/bumperbot_localization/kalman_filter
[43.647s] -- Set non-toolchain portion of runtime path of "/home/danielwp22/ROS2-navigation-course/Section9_Build_the_Robot/bumperbot_ws/install/bumperbot_localization/lib/bumperbot_localization/kalman_filter" to ""
[43.648s] -- Installing: /home/danielwp22/ROS2-navigation-course/Section9_Build_the_Robot/bumperbot_ws/install/bumperbot_localization/lib/bumperbot_localization/imu_republisher
[43.654s] -- Set non-toolchain portion of runtime path of "/home/danielwp22/ROS2-navigation-course/Section9_Build_the_Robot/bumperbot_ws/install/bumperbot_localization/lib/bumperbot_localization/imu_republisher" to ""
[43.655s] -- Installing: /home/danielwp22/ROS2-navigation-course/Section9_Build_the_Robot/bumperbot_ws/install/bumperbot_localization/lib/bumperbot_localization/odometry_motion_model
[43.665s] -- Set non-toolchain portion of runtime path of "/home/danielwp22/ROS2-navigation-course/Section9_Build_the_Robot/bumperbot_ws/install/bumperbot_localization/lib/bumperbot_localization/odometry_motion_model" to ""
[43.666s] -- Installing: /home/danielwp22/ROS2-navigation-course/Section9_Build_the_Robot/bumperbot_ws/install/bumperbot_localization/share/bumperbot_localization/launch
[43.666s] -- Installing: /home/danielwp22/ROS2-navigation-course/Section9_Build_the_Robot/bumperbot_ws/install/bumperbot_localization/share/bumperbot_localization/launch/local_localization.launch.py
[43.670s] -- Installing: /home/danielwp22/ROS2-navigation-course/Section9_Build_the_Robot/bumperbot_ws/install/bumperbot_localization/share/bumperbot_localization/launch/global_localization.launch.py
[43.671s] -- Installing: /home/danielwp22/ROS2-navigation-course/Section9_Build_the_Robot/bumperbot_ws/install/bumperbot_localization/share/bumperbot_localization/config
[43.671s] -- Installing: /home/danielwp22/ROS2-navigation-course/Section9_Build_the_Robot/bumperbot_ws/install/bumperbot_localization/share/bumperbot_localization/config/ekf.yaml
[43.671s] -- Installing: /home/danielwp22/ROS2-navigation-course/Section9_Build_the_Robot/bumperbot_ws/install/bumperbot_localization/share/bumperbot_localization/config/odometry_motion_model.rviz
[43.671s] -- Installing: /home/danielwp22/ROS2-navigation-course/Section9_Build_the_Robot/bumperbot_ws/install/bumperbot_localization/share/bumperbot_localization/config/amcl.yaml
[43.671s] -- Installing: /home/danielwp22/ROS2-navigation-course/Section9_Build_the_Robot/bumperbot_ws/install/bumperbot_localization/share/bumperbot_localization/rviz
[43.671s] -- Installing: /home/danielwp22/ROS2-navigation-course/Section9_Build_the_Robot/bumperbot_ws/install/bumperbot_localization/share/bumperbot_localization/rviz/global_localization.rviz
[43.673s] -- Installing: /home/danielwp22/ROS2-navigation-course/Section9_Build_the_Robot/bumperbot_ws/install/bumperbot_localization/lib/bumperbot_localization/kalman_filter.py
[43.673s] -- Installing: /home/danielwp22/ROS2-navigation-course/Section9_Build_the_Robot/bumperbot_ws/install/bumperbot_localization/lib/bumperbot_localization/imu_republisher.py
[43.673s] -- Installing: /home/danielwp22/ROS2-navigation-course/Section9_Build_the_Robot/bumperbot_ws/install/bumperbot_localization/lib/bumperbot_localization/odometry_motion_model.py
[43.675s] -- Installing: /home/danielwp22/ROS2-navigation-course/Section9_Build_the_Robot/bumperbot_ws/install/bumperbot_localization/share/ament_index/resource_index/package_run_dependencies/bumperbot_localization
[43.676s] -- Installing: /home/danielwp22/ROS2-navigation-course/Section9_Build_the_Robot/bumperbot_ws/install/bumperbot_localization/share/ament_index/resource_index/parent_prefix_path/bumperbot_localization
[43.678s] -- Installing: /home/danielwp22/ROS2-navigation-course/Section9_Build_the_Robot/bumperbot_ws/install/bumperbot_localization/share/bumperbot_localization/environment/ament_prefix_path.sh
[43.680s] -- Installing: /home/danielwp22/ROS2-navigation-course/Section9_Build_the_Robot/bumperbot_ws/install/bumperbot_localization/share/bumperbot_localization/environment/ament_prefix_path.dsv
[43.680s] -- Installing: /home/danielwp22/ROS2-navigation-course/Section9_Build_the_Robot/bumperbot_ws/install/bumperbot_localization/share/bumperbot_localization/environment/path.sh
[43.682s] -- Installing: /home/danielwp22/ROS2-navigation-course/Section9_Build_the_Robot/bumperbot_ws/install/bumperbot_localization/share/bumperbot_localization/environment/path.dsv
[43.682s] -- Installing: /home/danielwp22/ROS2-navigation-course/Section9_Build_the_Robot/bumperbot_ws/install/bumperbot_localization/share/bumperbot_localization/local_setup.bash
[43.682s] -- Installing: /home/danielwp22/ROS2-navigation-course/Section9_Build_the_Robot/bumperbot_ws/install/bumperbot_localization/share/bumperbot_localization/local_setup.sh
[43.682s] -- Installing: /home/danielwp22/ROS2-navigation-course/Section9_Build_the_Robot/bumperbot_ws/install/bumperbot_localization/share/bumperbot_localization/local_setup.zsh
[43.682s] -- Installing: /home/danielwp22/ROS2-navigation-course/Section9_Build_the_Robot/bumperbot_ws/install/bumperbot_localization/share/bumperbot_localization/local_setup.dsv
[43.682s] -- Installing: /home/danielwp22/ROS2-navigation-course/Section9_Build_the_Robot/bumperbot_ws/install/bumperbot_localization/share/bumperbot_localization/package.dsv
[43.683s] -- Installing: /home/danielwp22/ROS2-navigation-course/Section9_Build_the_Robot/bumperbot_ws/install/bumperbot_localization/share/ament_index/resource_index/packages/bumperbot_localization
[43.684s] -- Installing: /home/danielwp22/ROS2-navigation-course/Section9_Build_the_Robot/bumperbot_ws/install/bumperbot_localization/share/bumperbot_localization/cmake/bumperbot_localizationConfig.cmake
[43.684s] -- Installing: /home/danielwp22/ROS2-navigation-course/Section9_Build_the_Robot/bumperbot_ws/install/bumperbot_localization/share/bumperbot_localization/cmake/bumperbot_localizationConfig-version.cmake
[43.684s] -- Installing: /home/danielwp22/ROS2-navigation-course/Section9_Build_the_Robot/bumperbot_ws/install/bumperbot_localization/share/bumperbot_localization/package.xml
[43.692s] Invoked command in '/home/danielwp22/ROS2-navigation-course/Section9_Build_the_Robot/bumperbot_ws/build/bumperbot_localization' returned '0': CMAKE_PREFIX_PATH=${CMAKE_PREFIX_PATH}:/home/danielwp22/ROS2-navigation-course/Section8_Decision_Making/bumperbot_ws/install/bumperbot_py_examples:/home/danielwp22/ROS2-navigation-course/Section7_Navigation/bumperbot_ws/install/bumperbot_py_examples:/home/danielwp22/ros2_ws/install/my_turtle_pkg:/home/danielwp22/ros2_ws/install/my_py_pkg:/home/danielwp22/ros2_ws/install/actions_py:/home/danielwp22/ros2_ws/install/lifecycle_py:/home/danielwp22/ros2_ws/install/executors_py:/home/danielwp22/ros2_ws/install/components_py:/opt/ros/jazzy DEBUGINFOD_URLS=https://debuginfod.ubuntu.com /usr/bin/cmake --install /home/danielwp22/ROS2-navigation-course/Section9_Build_the_Robot/bumperbot_ws/build/bumperbot_localization
