[8.260s] Invoking command in '/home/danielwp22/ROS2-navigation-course/Section9_Build_the_Robot/bumperbot_ws/src/bumperbot_py_examples': AMENT_PREFIX_PATH=/home/danielwp22/ROS2-navigation-course/Section9_Build_the_Robot/bumperbot_ws/install/bumperbot_msgs:${AMENT_PREFIX_PATH} CMAKE_PREFIX_PATH=/home/danielwp22/ROS2-navigation-course/Section9_Build_the_Robot/bumperbot_ws/install/bumperbot_msgs:${CMAKE_PREFIX_PATH} DEBUGINFOD_URLS=https://debuginfod.ubuntu.com LD_LIBRARY_PATH=/home/danielwp22/ROS2-navigation-course/Section9_Build_the_Robot/bumperbot_ws/install/bumperbot_msgs/lib:${LD_LIBRARY_PATH} PYTHONPATH=/home/danielwp22/ROS2-navigation-course/Section9_Build_the_Robot/bumperbot_ws/build/bumperbot_py_examples/prefix_override:/usr/lib/python3/dist-packages/colcon_core/task/python/colcon_distutils_commands:/home/danielwp22/ROS2-navigation-course/Section9_Build_the_Robot/bumperbot_ws/install/bumperbot_py_examples/lib/python3.12/site-packages:/home/danielwp22/ROS2-navigation-course/Section9_Build_the_Robot/bumperbot_ws/install/bumperbot_msgs/lib/python3.12/site-packages:${PYTHONPATH} /usr/bin/python3 -W ignore:setup.py install is deprecated -W ignore:easy_install command is deprecated setup.py egg_info --egg-base ../../build/bumperbot_py_examples build --build-base /home/danielwp22/ROS2-navigation-course/Section9_Build_the_Robot/bumperbot_ws/build/bumperbot_py_examples/build install --record /home/danielwp22/ROS2-navigation-course/Section9_Build_the_Robot/bumperbot_ws/build/bumperbot_py_examples/install.log --single-version-externally-managed install_data
[8.679s] running egg_info
[8.680s] creating ../../build/bumperbot_py_examples/bumperbot_py_examples.egg-info
[8.708s] writing ../../build/bumperbot_py_examples/bumperbot_py_examples.egg-info/PKG-INFO
[8.708s] writing dependency_links to ../../build/bumperbot_py_examples/bumperbot_py_examples.egg-info/dependency_links.txt
[8.709s] writing entry points to ../../build/bumperbot_py_examples/bumperbot_py_examples.egg-info/entry_points.txt
[8.709s] writing requirements to ../../build/bumperbot_py_examples/bumperbot_py_examples.egg-info/requires.txt
[8.709s] writing top-level names to ../../build/bumperbot_py_examples/bumperbot_py_examples.egg-info/top_level.txt
[8.709s] writing manifest file '../../build/bumperbot_py_examples/bumperbot_py_examples.egg-info/SOURCES.txt'
[8.769s] reading manifest file '../../build/bumperbot_py_examples/bumperbot_py_examples.egg-info/SOURCES.txt'
[8.770s] writing manifest file '../../build/bumperbot_py_examples/bumperbot_py_examples.egg-info/SOURCES.txt'
[8.770s] running build
[8.770s] running build_py
[8.770s] creating /home/danielwp22/ROS2-navigation-course/Section9_Build_the_Robot/bumperbot_ws/build/bumperbot_py_examples/build
[8.770s] creating /home/danielwp22/ROS2-navigation-course/Section9_Build_the_Robot/bumperbot_ws/build/bumperbot_py_examples/build/lib
[8.770s] creating /home/danielwp22/ROS2-navigation-course/Section9_Build_the_Robot/bumperbot_ws/build/bumperbot_py_examples/build/lib/bumperbot_py_examples
[8.771s] copying bumperbot_py_examples/simple_tf_kinematics.py -> /home/danielwp22/ROS2-navigation-course/Section9_Build_the_Robot/bumperbot_ws/build/bumperbot_py_examples/build/lib/bumperbot_py_examples
[8.779s] copying bumperbot_py_examples/simple_service_client.py -> /home/danielwp22/ROS2-navigation-course/Section9_Build_the_Robot/bumperbot_ws/build/bumperbot_py_examples/build/lib/bumperbot_py_examples
[8.780s] copying bumperbot_py_examples/simple_subscriber.py -> /home/danielwp22/ROS2-navigation-course/Section9_Build_the_Robot/bumperbot_ws/build/bumperbot_py_examples/build/lib/bumperbot_py_examples
[8.781s] copying bumperbot_py_examples/simple_qos_subscriber.py -> /home/danielwp22/ROS2-navigation-course/Section9_Build_the_Robot/bumperbot_ws/build/bumperbot_py_examples/build/lib/bumperbot_py_examples
[8.781s] copying bumperbot_py_examples/simple_qos_publisher.py -> /home/danielwp22/ROS2-navigation-course/Section9_Build_the_Robot/bumperbot_ws/build/bumperbot_py_examples/build/lib/bumperbot_py_examples
[8.781s] copying bumperbot_py_examples/simple_lifecycle_node.py -> /home/danielwp22/ROS2-navigation-course/Section9_Build_the_Robot/bumperbot_ws/build/bumperbot_py_examples/build/lib/bumperbot_py_examples
[8.787s] copying bumperbot_py_examples/simple_action_server.py -> /home/danielwp22/ROS2-navigation-course/Section9_Build_the_Robot/bumperbot_ws/build/bumperbot_py_examples/build/lib/bumperbot_py_examples
[8.788s] copying bumperbot_py_examples/__init__.py -> /home/danielwp22/ROS2-navigation-course/Section9_Build_the_Robot/bumperbot_ws/build/bumperbot_py_examples/build/lib/bumperbot_py_examples
[8.789s] copying bumperbot_py_examples/simple_action_client.py -> /home/danielwp22/ROS2-navigation-course/Section9_Build_the_Robot/bumperbot_ws/build/bumperbot_py_examples/build/lib/bumperbot_py_examples
[8.789s] copying bumperbot_py_examples/simple_service_server.py -> /home/danielwp22/ROS2-navigation-course/Section9_Build_the_Robot/bumperbot_ws/build/bumperbot_py_examples/build/lib/bumperbot_py_examples
[8.789s] copying bumperbot_py_examples/simple_turtlesim_kinematics.py -> /home/danielwp22/ROS2-navigation-course/Section9_Build_the_Robot/bumperbot_ws/build/bumperbot_py_examples/build/lib/bumperbot_py_examples
[8.790s] copying bumperbot_py_examples/simple_publisher.py -> /home/danielwp22/ROS2-navigation-course/Section9_Build_the_Robot/bumperbot_ws/build/bumperbot_py_examples/build/lib/bumperbot_py_examples
[8.790s] copying bumperbot_py_examples/simple_parameter.py -> /home/danielwp22/ROS2-navigation-course/Section9_Build_the_Robot/bumperbot_ws/build/bumperbot_py_examples/build/lib/bumperbot_py_examples
[8.790s] running install
[8.802s] running install_lib
[8.837s] creating /home/danielwp22/ROS2-navigation-course/Section9_Build_the_Robot/bumperbot_ws/install/bumperbot_py_examples/lib/python3.12/site-packages/bumperbot_py_examples
[8.837s] copying /home/danielwp22/ROS2-navigation-course/Section9_Build_the_Robot/bumperbot_ws/build/bumperbot_py_examples/build/lib/bumperbot_py_examples/simple_tf_kinematics.py -> /home/danielwp22/ROS2-navigation-course/Section9_Build_the_Robot/bumperbot_ws/install/bumperbot_py_examples/lib/python3.12/site-packages/bumperbot_py_examples
[8.837s] copying /home/danielwp22/ROS2-navigation-course/Section9_Build_the_Robot/bumperbot_ws/build/bumperbot_py_examples/build/lib/bumperbot_py_examples/simple_service_client.py -> /home/danielwp22/ROS2-navigation-course/Section9_Build_the_Robot/bumperbot_ws/install/bumperbot_py_examples/lib/python3.12/site-packages/bumperbot_py_examples
[8.837s] copying /home/danielwp22/ROS2-navigation-course/Section9_Build_the_Robot/bumperbot_ws/build/bumperbot_py_examples/build/lib/bumperbot_py_examples/simple_subscriber.py -> /home/danielwp22/ROS2-navigation-course/Section9_Build_the_Robot/bumperbot_ws/install/bumperbot_py_examples/lib/python3.12/site-packages/bumperbot_py_examples
[8.837s] copying /home/danielwp22/ROS2-navigation-course/Section9_Build_the_Robot/bumperbot_ws/build/bumperbot_py_examples/build/lib/bumperbot_py_examples/simple_qos_subscriber.py -> /home/danielwp22/ROS2-navigation-course/Section9_Build_the_Robot/bumperbot_ws/install/bumperbot_py_examples/lib/python3.12/site-packages/bumperbot_py_examples
[8.838s] copying /home/danielwp22/ROS2-navigation-course/Section9_Build_the_Robot/bumperbot_ws/build/bumperbot_py_examples/build/lib/bumperbot_py_examples/simple_qos_publisher.py -> /home/danielwp22/ROS2-navigation-course/Section9_Build_the_Robot/bumperbot_ws/install/bumperbot_py_examples/lib/python3.12/site-packages/bumperbot_py_examples
[8.838s] copying /home/danielwp22/ROS2-navigation-course/Section9_Build_the_Robot/bumperbot_ws/build/bumperbot_py_examples/build/lib/bumperbot_py_examples/simple_lifecycle_node.py -> /home/danielwp22/ROS2-navigation-course/Section9_Build_the_Robot/bumperbot_ws/install/bumperbot_py_examples/lib/python3.12/site-packages/bumperbot_py_examples
[8.838s] copying /home/danielwp22/ROS2-navigation-course/Section9_Build_the_Robot/bumperbot_ws/build/bumperbot_py_examples/build/lib/bumperbot_py_examples/simple_action_server.py -> /home/danielwp22/ROS2-navigation-course/Section9_Build_the_Robot/bumperbot_ws/install/bumperbot_py_examples/lib/python3.12/site-packages/bumperbot_py_examples
[8.838s] copying /home/danielwp22/ROS2-navigation-course/Section9_Build_the_Robot/bumperbot_ws/build/bumperbot_py_examples/build/lib/bumperbot_py_examples/__init__.py -> /home/danielwp22/ROS2-navigation-course/Section9_Build_the_Robot/bumperbot_ws/install/bumperbot_py_examples/lib/python3.12/site-packages/bumperbot_py_examples
[8.838s] copying /home/danielwp22/ROS2-navigation-course/Section9_Build_the_Robot/bumperbot_ws/build/bumperbot_py_examples/build/lib/bumperbot_py_examples/simple_action_client.py -> /home/danielwp22/ROS2-navigation-course/Section9_Build_the_Robot/bumperbot_ws/install/bumperbot_py_examples/lib/python3.12/site-packages/bumperbot_py_examples
[8.838s] copying /home/danielwp22/ROS2-navigation-course/Section9_Build_the_Robot/bumperbot_ws/build/bumperbot_py_examples/build/lib/bumperbot_py_examples/simple_service_server.py -> /home/danielwp22/ROS2-navigation-course/Section9_Build_the_Robot/bumperbot_ws/install/bumperbot_py_examples/lib/python3.12/site-packages/bumperbot_py_examples
[8.838s] copying /home/danielwp22/ROS2-navigation-course/Section9_Build_the_Robot/bumperbot_ws/build/bumperbot_py_examples/build/lib/bumperbot_py_examples/simple_turtlesim_kinematics.py -> /home/danielwp22/ROS2-navigation-course/Section9_Build_the_Robot/bumperbot_ws/install/bumperbot_py_examples/lib/python3.12/site-packages/bumperbot_py_examples
[8.839s] copying /home/danielwp22/ROS2-navigation-course/Section9_Build_the_Robot/bumperbot_ws/build/bumperbot_py_examples/build/lib/bumperbot_py_examples/simple_publisher.py -> /home/danielwp22/ROS2-navigation-course/Section9_Build_the_Robot/bumperbot_ws/install/bumperbot_py_examples/lib/python3.12/site-packages/bumperbot_py_examples
[8.839s] copying /home/danielwp22/ROS2-navigation-course/Section9_Build_the_Robot/bumperbot_ws/build/bumperbot_py_examples/build/lib/bumperbot_py_examples/simple_parameter.py -> /home/danielwp22/ROS2-navigation-course/Section9_Build_the_Robot/bumperbot_ws/install/bumperbot_py_examples/lib/python3.12/site-packages/bumperbot_py_examples
[8.840s] byte-compiling /home/danielwp22/ROS2-navigation-course/Section9_Build_the_Robot/bumperbot_ws/install/bumperbot_py_examples/lib/python3.12/site-packages/bumperbot_py_examples/simple_tf_kinematics.py to simple_tf_kinematics.cpython-312.pyc
[8.841s] byte-compiling /home/danielwp22/ROS2-navigation-course/Section9_Build_the_Robot/bumperbot_ws/install/bumperbot_py_examples/lib/python3.12/site-packages/bumperbot_py_examples/simple_service_client.py to simple_service_client.cpython-312.pyc
[8.842s] byte-compiling /home/danielwp22/ROS2-navigation-course/Section9_Build_the_Robot/bumperbot_ws/install/bumperbot_py_examples/lib/python3.12/site-packages/bumperbot_py_examples/simple_subscriber.py to simple_subscriber.cpython-312.pyc
[8.842s] byte-compiling /home/danielwp22/ROS2-navigation-course/Section9_Build_the_Robot/bumperbot_ws/install/bumperbot_py_examples/lib/python3.12/site-packages/bumperbot_py_examples/simple_qos_subscriber.py to simple_qos_subscriber.cpython-312.pyc
[8.843s] byte-compiling /home/danielwp22/ROS2-navigation-course/Section9_Build_the_Robot/bumperbot_ws/install/bumperbot_py_examples/lib/python3.12/site-packages/bumperbot_py_examples/simple_qos_publisher.py to simple_qos_publisher.cpython-312.pyc
[8.844s] byte-compiling /home/danielwp22/ROS2-navigation-course/Section9_Build_the_Robot/bumperbot_ws/install/bumperbot_py_examples/lib/python3.12/site-packages/bumperbot_py_examples/simple_lifecycle_node.py to simple_lifecycle_node.cpython-312.pyc
[8.845s] byte-compiling /home/danielwp22/ROS2-navigation-course/Section9_Build_the_Robot/bumperbot_ws/install/bumperbot_py_examples/lib/python3.12/site-packages/bumperbot_py_examples/simple_action_server.py to simple_action_server.cpython-312.pyc
[8.845s] byte-compiling /home/danielwp22/ROS2-navigation-course/Section9_Build_the_Robot/bumperbot_ws/install/bumperbot_py_examples/lib/python3.12/site-packages/bumperbot_py_examples/__init__.py to __init__.cpython-312.pyc
[8.845s] byte-compiling /home/danielwp22/ROS2-navigation-course/Section9_Build_the_Robot/bumperbot_ws/install/bumperbot_py_examples/lib/python3.12/site-packages/bumperbot_py_examples/simple_action_client.py to simple_action_client.cpython-312.pyc
[8.846s] byte-compiling /home/danielwp22/ROS2-navigation-course/Section9_Build_the_Robot/bumperbot_ws/install/bumperbot_py_examples/lib/python3.12/site-packages/bumperbot_py_examples/simple_service_server.py to simple_service_server.cpython-312.pyc
[8.847s] byte-compiling /home/danielwp22/ROS2-navigation-course/Section9_Build_the_Robot/bumperbot_ws/install/bumperbot_py_examples/lib/python3.12/site-packages/bumperbot_py_examples/simple_turtlesim_kinematics.py to simple_turtlesim_kinematics.cpython-312.pyc
[8.847s] byte-compiling /home/danielwp22/ROS2-navigation-course/Section9_Build_the_Robot/bumperbot_ws/install/bumperbot_py_examples/lib/python3.12/site-packages/bumperbot_py_examples/simple_publisher.py to simple_publisher.cpython-312.pyc
[8.848s] byte-compiling /home/danielwp22/ROS2-navigation-course/Section9_Build_the_Robot/bumperbot_ws/install/bumperbot_py_examples/lib/python3.12/site-packages/bumperbot_py_examples/simple_parameter.py to simple_parameter.cpython-312.pyc
[8.848s] running install_data
[8.848s] creating /home/danielwp22/ROS2-navigation-course/Section9_Build_the_Robot/bumperbot_ws/install/bumperbot_py_examples/share/ament_index
[8.849s] creating /home/danielwp22/ROS2-navigation-course/Section9_Build_the_Robot/bumperbot_ws/install/bumperbot_py_examples/share/ament_index/resource_index
[8.849s] creating /home/danielwp22/ROS2-navigation-course/Section9_Build_the_Robot/bumperbot_ws/install/bumperbot_py_examples/share/ament_index/resource_index/packages
[8.849s] copying resource/bumperbot_py_examples -> /home/danielwp22/ROS2-navigation-course/Section9_Build_the_Robot/bumperbot_ws/install/bumperbot_py_examples/share/ament_index/resource_index/packages
[8.849s] copying package.xml -> /home/danielwp22/ROS2-navigation-course/Section9_Build_the_Robot/bumperbot_ws/install/bumperbot_py_examples/share/bumperbot_py_examples
[8.849s] running install_egg_info
[8.882s] Copying ../../build/bumperbot_py_examples/bumperbot_py_examples.egg-info to /home/danielwp22/ROS2-navigation-course/Section9_Build_the_Robot/bumperbot_ws/install/bumperbot_py_examples/lib/python3.12/site-packages/bumperbot_py_examples-0.0.0-py3.12.egg-info
[8.883s] running install_scripts
[9.086s] Installing simple_action_client script to /home/danielwp22/ROS2-navigation-course/Section9_Build_the_Robot/bumperbot_ws/install/bumperbot_py_examples/lib/bumperbot_py_examples
[9.086s] Installing simple_action_server script to /home/danielwp22/ROS2-navigation-course/Section9_Build_the_Robot/bumperbot_ws/install/bumperbot_py_examples/lib/bumperbot_py_examples
[9.086s] Installing simple_lifecycle_node script to /home/danielwp22/ROS2-navigation-course/Section9_Build_the_Robot/bumperbot_ws/install/bumperbot_py_examples/lib/bumperbot_py_examples
[9.086s] Installing simple_parameter script to /home/danielwp22/ROS2-navigation-course/Section9_Build_the_Robot/bumperbot_ws/install/bumperbot_py_examples/lib/bumperbot_py_examples
[9.086s] Installing simple_publisher script to /home/danielwp22/ROS2-navigation-course/Section9_Build_the_Robot/bumperbot_ws/install/bumperbot_py_examples/lib/bumperbot_py_examples
[9.086s] Installing simple_qos_publisher script to /home/danielwp22/ROS2-navigation-course/Section9_Build_the_Robot/bumperbot_ws/install/bumperbot_py_examples/lib/bumperbot_py_examples
[9.086s] Installing simple_qos_subscriber script to /home/danielwp22/ROS2-navigation-course/Section9_Build_the_Robot/bumperbot_ws/install/bumperbot_py_examples/lib/bumperbot_py_examples
[9.087s] Installing simple_service_client script to /home/danielwp22/ROS2-navigation-course/Section9_Build_the_Robot/bumperbot_ws/install/bumperbot_py_examples/lib/bumperbot_py_examples
[9.087s] Installing simple_service_server script to /home/danielwp22/ROS2-navigation-course/Section9_Build_the_Robot/bumperbot_ws/install/bumperbot_py_examples/lib/bumperbot_py_examples
[9.087s] Installing simple_subscriber script to /home/danielwp22/ROS2-navigation-course/Section9_Build_the_Robot/bumperbot_ws/install/bumperbot_py_examples/lib/bumperbot_py_examples
[9.087s] Installing simple_tf_kinematics script to /home/danielwp22/ROS2-navigation-course/Section9_Build_the_Robot/bumperbot_ws/install/bumperbot_py_examples/lib/bumperbot_py_examples
[9.087s] Installing simple_turtlesim_kinematics script to /home/danielwp22/ROS2-navigation-course/Section9_Build_the_Robot/bumperbot_ws/install/bumperbot_py_examples/lib/bumperbot_py_examples
[9.087s] writing list of installed files to '/home/danielwp22/ROS2-navigation-course/Section9_Build_the_Robot/bumperbot_ws/build/bumperbot_py_examples/install.log'
[9.131s] Invoked command in '/home/danielwp22/ROS2-navigation-course/Section9_Build_the_Robot/bumperbot_ws/src/bumperbot_py_examples' returned '0': AMENT_PREFIX_PATH=/home/danielwp22/ROS2-navigation-course/Section9_Build_the_Robot/bumperbot_ws/install/bumperbot_msgs:${AMENT_PREFIX_PATH} CMAKE_PREFIX_PATH=/home/danielwp22/ROS2-navigation-course/Section9_Build_the_Robot/bumperbot_ws/install/bumperbot_msgs:${CMAKE_PREFIX_PATH} DEBUGINFOD_URLS=https://debuginfod.ubuntu.com LD_LIBRARY_PATH=/home/danielwp22/ROS2-navigation-course/Section9_Build_the_Robot/bumperbot_ws/install/bumperbot_msgs/lib:${LD_LIBRARY_PATH} PYTHONPATH=/home/danielwp22/ROS2-navigation-course/Section9_Build_the_Robot/bumperbot_ws/build/bumperbot_py_examples/prefix_override:/usr/lib/python3/dist-packages/colcon_core/task/python/colcon_distutils_commands:/home/danielwp22/ROS2-navigation-course/Section9_Build_the_Robot/bumperbot_ws/install/bumperbot_py_examples/lib/python3.12/site-packages:/home/danielwp22/ROS2-navigation-course/Section9_Build_the_Robot/bumperbot_ws/install/bumperbot_msgs/lib/python3.12/site-packages:${PYTHONPATH} /usr/bin/python3 -W ignore:setup.py install is deprecated -W ignore:easy_install command is deprecated setup.py egg_info --egg-base ../../build/bumperbot_py_examples build --build-base /home/danielwp22/ROS2-navigation-course/Section9_Build_the_Robot/bumperbot_ws/build/bumperbot_py_examples/build install --record /home/danielwp22/ROS2-navigation-course/Section9_Build_the_Robot/bumperbot_ws/build/bumperbot_py_examples/install.log --single-version-externally-managed install_data
