[0.020s] Invoking command in '/home/danielwp22/ROS2-navigation-course/Section9_Build_the_Robot/bumperbot_ws/build/bumperbot_motion': CMAKE_PREFIX_PATH=${CMAKE_PREFIX_PATH}:/home/danielwp22/ROS2-navigation-course/Section8_Decision_Making/bumperbot_ws/install/bumperbot_py_examples:/home/danielwp22/ROS2-navigation-course/Section7_Navigation/bumperbot_ws/install/bumperbot_py_examples:/home/danielwp22/ros2_ws/install/my_turtle_pkg:/home/danielwp22/ros2_ws/install/my_py_pkg:/home/danielwp22/ros2_ws/install/actions_py:/home/danielwp22/ros2_ws/install/lifecycle_py:/home/danielwp22/ros2_ws/install/executors_py:/home/danielwp22/ros2_ws/install/components_py:/opt/ros/jazzy DEBUGINFOD_URLS=https://debuginfod.ubuntu.com /usr/bin/cmake /home/danielwp22/ROS2-navigation-course/Section9_Build_the_Robot/bumperbot_ws/src/bumperbot_motion -DCMAKE_INSTALL_PREFIX=/home/danielwp22/ROS2-navigation-course/Section9_Build_the_Robot/bumperbot_ws/install/bumperbot_motion
[0.155s] -- The C compiler identification is GNU 13.3.0
[0.251s] -- The CXX compiler identification is GNU 13.3.0
[0.276s] -- Detecting C compiler ABI info
[0.426s] -- Detecting C compiler ABI info - done
[0.444s] -- Check for working C compiler: /usr/bin/cc - skipped
[0.445s] -- Detecting C compile features
[0.445s] -- Detecting C compile features - done
[0.464s] -- Detecting CXX compiler ABI info
[0.648s] -- Detecting CXX compiler ABI info - done
[0.665s] -- Check for working CXX compiler: /usr/bin/c++ - skipped
[0.665s] -- Detecting CXX compile features
[0.666s] -- Detecting CXX compile features - done
[0.680s] -- Found ament_cmake: 2.5.4 (/opt/ros/jazzy/share/ament_cmake/cmake)
[1.030s] -- Found Python3: /usr/bin/python3 (found version "3.12.3") found components: Interpreter 
[1.322s] -- Found rclcpp: 28.1.9 (/opt/ros/jazzy/share/rclcpp/cmake)
[1.448s] -- Found rosidl_generator_c: 4.6.5 (/opt/ros/jazzy/share/rosidl_generator_c/cmake)
[1.495s] -- Found rosidl_generator_cpp: 4.6.5 (/opt/ros/jazzy/share/rosidl_generator_cpp/cmake)
[1.575s] -- Using all available rosidl_typesupport_c: rosidl_typesupport_fastrtps_c;rosidl_typesupport_introspection_c
[1.643s] -- Using all available rosidl_typesupport_cpp: rosidl_typesupport_fastrtps_cpp;rosidl_typesupport_introspection_cpp
[1.857s] -- Found rmw_implementation_cmake: 7.3.2 (/opt/ros/jazzy/share/rmw_implementation_cmake/cmake)
[1.871s] -- Found rmw_fastrtps_cpp: 8.4.2 (/opt/ros/jazzy/share/rmw_fastrtps_cpp/cmake)
[2.077s] -- Found OpenSSL: /usr/lib/x86_64-linux-gnu/libcrypto.so (found version "3.0.13")  
[2.114s] -- Found FastRTPS: /opt/ros/jazzy/include (Required is at least version "2.13") 
[2.158s] -- Using RMW implementation 'rmw_fastrtps_cpp' as default
[2.360s] -- Found rclpy: 7.1.4 (/opt/ros/jazzy/share/rclpy/cmake)
[2.372s] -- Found nav_msgs: 5.3.6 (/opt/ros/jazzy/share/nav_msgs/cmake)
[2.503s] -- Found tf2: 0.36.11 (/opt/ros/jazzy/share/tf2/cmake)
[2.519s] -- Found tf2_ros: 0.36.11 (/opt/ros/jazzy/share/tf2_ros/cmake)
[2.798s] -- Found tf2_geometry_msgs: 0.36.11 (/opt/ros/jazzy/share/tf2_geometry_msgs/cmake)
[2.850s] -- Found eigen3_cmake_module: 0.3.0 (/opt/ros/jazzy/share/eigen3_cmake_module/cmake)
[2.853s] -- Found Eigen3: TRUE (found version "3.4.0") 
[2.853s] -- Ensuring Eigen3 include directory is part of orocos-kdl CMake target
[2.868s] -- Found nav2_core: 1.3.6 (/opt/ros/jazzy/share/nav2_core/cmake)
[4.163s] -- Configuring done (4.1s)
[4.474s] -- Generating done (0.2s)
[4.493s] -- Build files have been written to: /home/danielwp22/ROS2-navigation-course/Section9_Build_the_Robot/bumperbot_ws/build/bumperbot_motion
[4.527s] Invoked command in '/home/danielwp22/ROS2-navigation-course/Section9_Build_the_Robot/bumperbot_ws/build/bumperbot_motion' returned '0': CMAKE_PREFIX_PATH=${CMAKE_PREFIX_PATH}:/home/danielwp22/ROS2-navigation-course/Section8_Decision_Making/bumperbot_ws/install/bumperbot_py_examples:/home/danielwp22/ROS2-navigation-course/Section7_Navigation/bumperbot_ws/install/bumperbot_py_examples:/home/danielwp22/ros2_ws/install/my_turtle_pkg:/home/danielwp22/ros2_ws/install/my_py_pkg:/home/danielwp22/ros2_ws/install/actions_py:/home/danielwp22/ros2_ws/install/lifecycle_py:/home/danielwp22/ros2_ws/install/executors_py:/home/danielwp22/ros2_ws/install/components_py:/opt/ros/jazzy DEBUGINFOD_URLS=https://debuginfod.ubuntu.com /usr/bin/cmake /home/danielwp22/ROS2-navigation-course/Section9_Build_the_Robot/bumperbot_ws/src/bumperbot_motion -DCMAKE_INSTALL_PREFIX=/home/danielwp22/ROS2-navigation-course/Section9_Build_the_Robot/bumperbot_ws/install/bumperbot_motion
[4.528s] Invoking command in '/home/danielwp22/ROS2-navigation-course/Section9_Build_the_Robot/bumperbot_ws/build/bumperbot_motion': CMAKE_PREFIX_PATH=${CMAKE_PREFIX_PATH}:/home/danielwp22/ROS2-navigation-course/Section8_Decision_Making/bumperbot_ws/install/bumperbot_py_examples:/home/danielwp22/ROS2-navigation-course/Section7_Navigation/bumperbot_ws/install/bumperbot_py_examples:/home/danielwp22/ros2_ws/install/my_turtle_pkg:/home/danielwp22/ros2_ws/install/my_py_pkg:/home/danielwp22/ros2_ws/install/actions_py:/home/danielwp22/ros2_ws/install/lifecycle_py:/home/danielwp22/ros2_ws/install/executors_py:/home/danielwp22/ros2_ws/install/components_py:/opt/ros/jazzy DEBUGINFOD_URLS=https://debuginfod.ubuntu.com /usr/bin/cmake --build /home/danielwp22/ROS2-navigation-course/Section9_Build_the_Robot/bumperbot_ws/build/bumperbot_motion -- -j4 -l4
[4.665s] [  0%] Built target ament_cmake_python_copy_bumperbot_motion
[4.723s] [ 25%] [32mBuilding CXX object CMakeFiles/pure_pursuit.dir/src/pure_pursuit.cpp.o[0m
[14.333s] [ 50%] [32m[1mLinking CXX shared library libpure_pursuit.so[0m
[14.975s] [ 50%] Built target pure_pursuit
[15.477s] running egg_info
[15.480s] creating bumperbot_motion.egg-info
[15.514s] writing bumperbot_motion.egg-info/PKG-INFO
[15.515s] writing dependency_links to bumperbot_motion.egg-info/dependency_links.txt
[15.515s] writing top-level names to bumperbot_motion.egg-info/top_level.txt
[15.515s] writing manifest file 'bumperbot_motion.egg-info/SOURCES.txt'
[15.619s] reading manifest file 'bumperbot_motion.egg-info/SOURCES.txt'
[15.620s] writing manifest file 'bumperbot_motion.egg-info/SOURCES.txt'
[15.672s] [ 50%] Built target ament_cmake_python_build_bumperbot_motion_egg
[15.716s] [ 75%] [32mBuilding CXX object CMakeFiles/pd_motion_planner.dir/src/pd_motion_planner.cpp.o[0m
[26.292s] [100%] [32m[1mLinking CXX shared library libpd_motion_planner.so[0m
[27.083s] [100%] Built target pd_motion_planner
[27.535s] Invoked command in '/home/danielwp22/ROS2-navigation-course/Section9_Build_the_Robot/bumperbot_ws/build/bumperbot_motion' returned '0': CMAKE_PREFIX_PATH=${CMAKE_PREFIX_PATH}:/home/danielwp22/ROS2-navigation-course/Section8_Decision_Making/bumperbot_ws/install/bumperbot_py_examples:/home/danielwp22/ROS2-navigation-course/Section7_Navigation/bumperbot_ws/install/bumperbot_py_examples:/home/danielwp22/ros2_ws/install/my_turtle_pkg:/home/danielwp22/ros2_ws/install/my_py_pkg:/home/danielwp22/ros2_ws/install/actions_py:/home/danielwp22/ros2_ws/install/lifecycle_py:/home/danielwp22/ros2_ws/install/executors_py:/home/danielwp22/ros2_ws/install/components_py:/opt/ros/jazzy DEBUGINFOD_URLS=https://debuginfod.ubuntu.com /usr/bin/cmake --build /home/danielwp22/ROS2-navigation-course/Section9_Build_the_Robot/bumperbot_ws/build/bumperbot_motion -- -j4 -l4
[27.538s] Invoking command in '/home/danielwp22/ROS2-navigation-course/Section9_Build_the_Robot/bumperbot_ws/build/bumperbot_motion': CMAKE_PREFIX_PATH=${CMAKE_PREFIX_PATH}:/home/danielwp22/ROS2-navigation-course/Section8_Decision_Making/bumperbot_ws/install/bumperbot_py_examples:/home/danielwp22/ROS2-navigation-course/Section7_Navigation/bumperbot_ws/install/bumperbot_py_examples:/home/danielwp22/ros2_ws/install/my_turtle_pkg:/home/danielwp22/ros2_ws/install/my_py_pkg:/home/danielwp22/ros2_ws/install/actions_py:/home/danielwp22/ros2_ws/install/lifecycle_py:/home/danielwp22/ros2_ws/install/executors_py:/home/danielwp22/ros2_ws/install/components_py:/opt/ros/jazzy DEBUGINFOD_URLS=https://debuginfod.ubuntu.com /usr/bin/cmake --install /home/danielwp22/ROS2-navigation-course/Section9_Build_the_Robot/bumperbot_ws/build/bumperbot_motion
[27.552s] -- Install configuration: ""
[27.552s] -- Installing: /home/danielwp22/ROS2-navigation-course/Section9_Build_the_Robot/bumperbot_ws/install/bumperbot_motion/share/bumperbot_motion/environment/pythonpath.sh
[27.552s] -- Installing: /home/danielwp22/ROS2-navigation-course/Section9_Build_the_Robot/bumperbot_ws/install/bumperbot_motion/share/bumperbot_motion/environment/pythonpath.dsv
[27.553s] -- Installing: /home/danielwp22/ROS2-navigation-course/Section9_Build_the_Robot/bumperbot_ws/install/bumperbot_motion/lib/python3.12/site-packages/bumperbot_motion-0.0.0-py3.12.egg-info
[27.553s] -- Installing: /home/danielwp22/ROS2-navigation-course/Section9_Build_the_Robot/bumperbot_ws/install/bumperbot_motion/lib/python3.12/site-packages/bumperbot_motion-0.0.0-py3.12.egg-info/PKG-INFO
[27.553s] -- Installing: /home/danielwp22/ROS2-navigation-course/Section9_Build_the_Robot/bumperbot_ws/install/bumperbot_motion/lib/python3.12/site-packages/bumperbot_motion-0.0.0-py3.12.egg-info/SOURCES.txt
[27.553s] -- Installing: /home/danielwp22/ROS2-navigation-course/Section9_Build_the_Robot/bumperbot_ws/install/bumperbot_motion/lib/python3.12/site-packages/bumperbot_motion-0.0.0-py3.12.egg-info/top_level.txt
[27.553s] -- Installing: /home/danielwp22/ROS2-navigation-course/Section9_Build_the_Robot/bumperbot_ws/install/bumperbot_motion/lib/python3.12/site-packages/bumperbot_motion-0.0.0-py3.12.egg-info/dependency_links.txt
[27.553s] -- Installing: /home/danielwp22/ROS2-navigation-course/Section9_Build_the_Robot/bumperbot_ws/install/bumperbot_motion/lib/python3.12/site-packages/bumperbot_motion
[27.554s] -- Installing: /home/danielwp22/ROS2-navigation-course/Section9_Build_the_Robot/bumperbot_ws/install/bumperbot_motion/lib/python3.12/site-packages/bumperbot_motion/pure_pursuit.py
[27.554s] -- Installing: /home/danielwp22/ROS2-navigation-course/Section9_Build_the_Robot/bumperbot_ws/install/bumperbot_motion/lib/python3.12/site-packages/bumperbot_motion/__init__.py
[27.554s] -- Installing: /home/danielwp22/ROS2-navigation-course/Section9_Build_the_Robot/bumperbot_ws/install/bumperbot_motion/lib/python3.12/site-packages/bumperbot_motion/pd_motion_planner.py
[27.616s] Listing '/home/danielwp22/ROS2-navigation-course/Section9_Build_the_Robot/bumperbot_ws/install/bumperbot_motion/lib/python3.12/site-packages/bumperbot_motion'...
[27.616s] Compiling '/home/danielwp22/ROS2-navigation-course/Section9_Build_the_Robot/bumperbot_ws/install/bumperbot_motion/lib/python3.12/site-packages/bumperbot_motion/__init__.py'...
[27.616s] Compiling '/home/danielwp22/ROS2-navigation-course/Section9_Build_the_Robot/bumperbot_ws/install/bumperbot_motion/lib/python3.12/site-packages/bumperbot_motion/pd_motion_planner.py'...
[27.616s] Compiling '/home/danielwp22/ROS2-navigation-course/Section9_Build_the_Robot/bumperbot_ws/install/bumperbot_motion/lib/python3.12/site-packages/bumperbot_motion/pure_pursuit.py'...
[27.623s] -- Installing: /home/danielwp22/ROS2-navigation-course/Section9_Build_the_Robot/bumperbot_ws/install/bumperbot_motion/share/bumperbot_motion/motion_planner_plugins.xml
[27.630s] -- Installing: /home/danielwp22/ROS2-navigation-course/Section9_Build_the_Robot/bumperbot_ws/install/bumperbot_motion/lib/libpd_motion_planner.so
[27.634s] -- Set non-toolchain portion of runtime path of "/home/danielwp22/ROS2-navigation-course/Section9_Build_the_Robot/bumperbot_ws/install/bumperbot_motion/lib/libpd_motion_planner.so" to ""
[27.634s] -- Installing: /home/danielwp22/ROS2-navigation-course/Section9_Build_the_Robot/bumperbot_ws/install/bumperbot_motion/lib/libpure_pursuit.so
[27.636s] -- Set non-toolchain portion of runtime path of "/home/danielwp22/ROS2-navigation-course/Section9_Build_the_Robot/bumperbot_ws/install/bumperbot_motion/lib/libpure_pursuit.so" to ""
[27.636s] -- Installing: /home/danielwp22/ROS2-navigation-course/Section9_Build_the_Robot/bumperbot_ws/install/bumperbot_motion/include/include
[27.636s] -- Installing: /home/danielwp22/ROS2-navigation-course/Section9_Build_the_Robot/bumperbot_ws/install/bumperbot_motion/include/include/bumperbot_motion
[27.636s] -- Installing: /home/danielwp22/ROS2-navigation-course/Section9_Build_the_Robot/bumperbot_ws/install/bumperbot_motion/include/include/bumperbot_motion/pd_motion_planner.hpp
[27.636s] -- Installing: /home/danielwp22/ROS2-navigation-course/Section9_Build_the_Robot/bumperbot_ws/install/bumperbot_motion/include/include/bumperbot_motion/pure_pursuit.hpp
[27.637s] -- Installing: /home/danielwp22/ROS2-navigation-course/Section9_Build_the_Robot/bumperbot_ws/install/bumperbot_motion/lib/bumperbot_motion/pd_motion_planner.py
[27.637s] -- Installing: /home/danielwp22/ROS2-navigation-course/Section9_Build_the_Robot/bumperbot_ws/install/bumperbot_motion/lib/bumperbot_motion/pure_pursuit.py
[27.638s] -- Installing: /home/danielwp22/ROS2-navigation-course/Section9_Build_the_Robot/bumperbot_ws/install/bumperbot_motion/share/bumperbot_motion/environment/library_path.sh
[27.638s] -- Installing: /home/danielwp22/ROS2-navigation-course/Section9_Build_the_Robot/bumperbot_ws/install/bumperbot_motion/share/bumperbot_motion/environment/library_path.dsv
[27.638s] -- Installing: /home/danielwp22/ROS2-navigation-course/Section9_Build_the_Robot/bumperbot_ws/install/bumperbot_motion/share/ament_index/resource_index/package_run_dependencies/bumperbot_motion
[27.638s] -- Installing: /home/danielwp22/ROS2-navigation-course/Section9_Build_the_Robot/bumperbot_ws/install/bumperbot_motion/share/ament_index/resource_index/parent_prefix_path/bumperbot_motion
[27.638s] -- Installing: /home/danielwp22/ROS2-navigation-course/Section9_Build_the_Robot/bumperbot_ws/install/bumperbot_motion/share/bumperbot_motion/environment/ament_prefix_path.sh
[27.638s] -- Installing: /home/danielwp22/ROS2-navigation-course/Section9_Build_the_Robot/bumperbot_ws/install/bumperbot_motion/share/bumperbot_motion/environment/ament_prefix_path.dsv
[27.638s] -- Installing: /home/danielwp22/ROS2-navigation-course/Section9_Build_the_Robot/bumperbot_ws/install/bumperbot_motion/share/bumperbot_motion/environment/path.sh
[27.638s] -- Installing: /home/danielwp22/ROS2-navigation-course/Section9_Build_the_Robot/bumperbot_ws/install/bumperbot_motion/share/bumperbot_motion/environment/path.dsv
[27.638s] -- Installing: /home/danielwp22/ROS2-navigation-course/Section9_Build_the_Robot/bumperbot_ws/install/bumperbot_motion/share/bumperbot_motion/local_setup.bash
[27.639s] -- Installing: /home/danielwp22/ROS2-navigation-course/Section9_Build_the_Robot/bumperbot_ws/install/bumperbot_motion/share/bumperbot_motion/local_setup.sh
[27.640s] -- Installing: /home/danielwp22/ROS2-navigation-course/Section9_Build_the_Robot/bumperbot_ws/install/bumperbot_motion/share/bumperbot_motion/local_setup.zsh
[27.640s] -- Installing: /home/danielwp22/ROS2-navigation-course/Section9_Build_the_Robot/bumperbot_ws/install/bumperbot_motion/share/bumperbot_motion/local_setup.dsv
[27.641s] -- Installing: /home/danielwp22/ROS2-navigation-course/Section9_Build_the_Robot/bumperbot_ws/install/bumperbot_motion/share/bumperbot_motion/package.dsv
[27.641s] -- Installing: /home/danielwp22/ROS2-navigation-course/Section9_Build_the_Robot/bumperbot_ws/install/bumperbot_motion/share/ament_index/resource_index/packages/bumperbot_motion
[27.641s] -- Installing: /home/danielwp22/ROS2-navigation-course/Section9_Build_the_Robot/bumperbot_ws/install/bumperbot_motion/share/ament_index/resource_index/nav2_core__pluginlib__plugin/bumperbot_motion
[27.641s] -- Installing: /home/danielwp22/ROS2-navigation-course/Section9_Build_the_Robot/bumperbot_ws/install/bumperbot_motion/share/bumperbot_motion/cmake/ament_cmake_export_include_directories-extras.cmake
[27.641s] -- Installing: /home/danielwp22/ROS2-navigation-course/Section9_Build_the_Robot/bumperbot_ws/install/bumperbot_motion/share/bumperbot_motion/cmake/ament_cmake_export_libraries-extras.cmake
[27.641s] -- Installing: /home/danielwp22/ROS2-navigation-course/Section9_Build_the_Robot/bumperbot_ws/install/bumperbot_motion/share/bumperbot_motion/cmake/ament_cmake_export_dependencies-extras.cmake
[27.641s] -- Installing: /home/danielwp22/ROS2-navigation-course/Section9_Build_the_Robot/bumperbot_ws/install/bumperbot_motion/share/bumperbot_motion/cmake/bumperbot_motionConfig.cmake
[27.641s] -- Installing: /home/danielwp22/ROS2-navigation-course/Section9_Build_the_Robot/bumperbot_ws/install/bumperbot_motion/share/bumperbot_motion/cmake/bumperbot_motionConfig-version.cmake
[27.641s] -- Installing: /home/danielwp22/ROS2-navigation-course/Section9_Build_the_Robot/bumperbot_ws/install/bumperbot_motion/share/bumperbot_motion/package.xml
[27.811s] Invoked command in '/home/danielwp22/ROS2-navigation-course/Section9_Build_the_Robot/bumperbot_ws/build/bumperbot_motion' returned '0': CMAKE_PREFIX_PATH=${CMAKE_PREFIX_PATH}:/home/danielwp22/ROS2-navigation-course/Section8_Decision_Making/bumperbot_ws/install/bumperbot_py_examples:/home/danielwp22/ROS2-navigation-course/Section7_Navigation/bumperbot_ws/install/bumperbot_py_examples:/home/danielwp22/ros2_ws/install/my_turtle_pkg:/home/danielwp22/ros2_ws/install/my_py_pkg:/home/danielwp22/ros2_ws/install/actions_py:/home/danielwp22/ros2_ws/install/lifecycle_py:/home/danielwp22/ros2_ws/install/executors_py:/home/danielwp22/ros2_ws/install/components_py:/opt/ros/jazzy DEBUGINFOD_URLS=https://debuginfod.ubuntu.com /usr/bin/cmake --install /home/danielwp22/ROS2-navigation-course/Section9_Build_the_Robot/bumperbot_ws/build/bumperbot_motion
